Log file open, 11/06/22 10:37:31
LogWindows: Failed to load 'aqProf.dll' (GetLastError=126)
LogWindows: File 'aqProf.dll' does not exist
LogWindows: Failed to load 'VtuneApi.dll' (GetLastError=126)
LogWindows: File 'VtuneApi.dll' does not exist
LogWindows: Failed to load 'VtuneApi32e.dll' (GetLastError=126)
LogWindows: File 'VtuneApi32e.dll' does not exist
LogConsoleResponse: Display: Failed to find resolution value strings in scalability ini. Falling back to default.
LogConsoleResponse: Display: Failed to find resolution value strings in scalability ini. Falling back to default.
LogInit: Display: Running engine for game: MyProject3
LogPlatformFile: Not using cached read wrapper
LogTaskGraph: Started task graph with 5 named threads and 26 total threads with 3 sets of task threads.
LogStats: Stats thread started at 0.227104
LogICUInternationalization: ICU TimeZone Detection - Raw Offset: -6:00, Platform Override: ''
LogInit: Display: Loading text-based GConfig....
LogPluginManager: Mounting plugin MeshPainting
LogPluginManager: Mounting plugin XGEController
LogPluginManager: Mounting plugin AISupport
LogPluginManager: Mounting plugin Paper2D
LogPluginManager: Mounting plugin LiveLink
LogPluginManager: Mounting plugin LightPropagationVolume
LogPluginManager: Mounting plugin CameraShakePreviewer
LogPluginManager: Mounting plugin AnimationSharing
LogPluginManager: Mounting plugin KDevelopSourceCodeAccess
LogPluginManager: Mounting plugin CodeLiteSourceCodeAccess
LogPluginManager: Mounting plugin CLionSourceCodeAccess
LogPluginManager: Mounting plugin NullSourceCodeAccess
LogPluginManager: Mounting plugin GitSourceControl
LogPluginManager: Mounting plugin GameplayCameras
LogPluginManager: Mounting plugin PerforceSourceControl
LogPluginManager: Mounting plugin PluginUtils
LogPluginManager: Mounting plugin PixWinPlugin
LogPluginManager: Mounting plugin TextureFormatOodle
LogPluginManager: Mounting plugin SubversionSourceControl
LogPluginManager: Mounting plugin PlasticSourceControl
LogPluginManager: Mounting plugin RiderSourceCodeAccess
LogPluginManager: Mounting plugin VisualStudioSourceCodeAccess
LogPluginManager: Mounting plugin UObjectPlugin
LogPluginManager: Mounting plugin VisualStudioCodeSourceCodeAccess
LogPluginManager: Mounting plugin AssetManagerEditor
LogPluginManager: Mounting plugin XCodeSourceCodeAccess
LogPluginManager: Mounting plugin OodleData
LogPluginManager: Mounting plugin OodleNetwork
LogPluginManager: Mounting plugin PropertyAccessNode
LogPluginManager: Mounting plugin CryptoKeys
LogPluginManager: Mounting plugin DataValidation
LogPluginManager: Mounting plugin FacialAnimation
LogPluginManager: Mounting plugin CurveEditorTools
LogPluginManager: Mounting plugin GameplayTagsEditor
LogPluginManager: Mounting plugin MacGraphicsSwitching
LogPluginManager: Mounting plugin GeometryMode
LogPluginManager: Mounting plugin MobileLauncherProfileWizard
LogPluginManager: Mounting plugin MaterialAnalyzer
LogPluginManager: Mounting plugin PluginBrowser
LogPluginManager: Mounting plugin LuminPlatformFeatures
LogPluginManager: Mounting plugin MagicLeap
LogPluginManager: Mounting plugin MagicLeapLightEstimation
LogPluginManager: Mounting plugin SpeedTreeImporter
LogPluginManager: Mounting plugin MagicLeapMedia
LogPluginManager: Mounting plugin UdpMessaging
LogPluginManager: Mounting plugin TcpMessaging
LogPluginManager: Mounting plugin MagicLeapPassableWorld
LogPluginManager: Mounting plugin Niagara
LogPluginManager: Mounting plugin MLSDK
LogPluginManager: Mounting plugin ActorSequence
LogPluginManager: Mounting plugin LevelSequenceEditor
LogPluginManager: Mounting plugin TemplateSequence
LogPluginManager: Mounting plugin AndroidMedia
LogPluginManager: Mounting plugin MatineeToLevelSequence
LogPluginManager: Mounting plugin AvfMedia
LogPluginManager: Mounting plugin EnvironmentQueryEditor
LogPluginManager: Mounting plugin MediaCompositing
LogPluginManager: Mounting plugin MediaPlayerEditor
LogPluginManager: Mounting plugin WmfMedia
LogPluginManager: Mounting plugin LauncherChunkInstaller
LogPluginManager: Mounting plugin ImgMedia
LogPluginManager: Mounting plugin OnlineSubsystem
LogPluginManager: Mounting plugin OnlineSubsystemNull
LogPluginManager: Mounting plugin OnlineSubsystemUtils
LogPluginManager: Mounting plugin ActorLayerUtilities
LogPluginManager: Mounting plugin AndroidDeviceProfileSelector
LogPluginManager: Mounting plugin AndroidMoviePlayer
LogPluginManager: Mounting plugin AndroidPermission
LogPluginManager: Mounting plugin WebMMedia
LogPluginManager: Mounting plugin AppleImageUtils
LogPluginManager: Mounting plugin AppleMoviePlayer
LogPluginManager: Mounting plugin ArchVisCharacter
LogPluginManager: Mounting plugin AssetTags
LogPluginManager: Mounting plugin AudioSynesthesia
LogPluginManager: Mounting plugin CableComponent
LogPluginManager: Mounting plugin AudioCapture
LogPluginManager: Mounting plugin ChunkDownloader
LogPluginManager: Mounting plugin CustomMeshComponent
LogPluginManager: Mounting plugin ExampleDeviceProfileSelector
LogPluginManager: Mounting plugin EditableMesh
LogPluginManager: Mounting plugin GoogleCloudMessaging
LogPluginManager: Mounting plugin GooglePAD
LogPluginManager: Mounting plugin ScreenshotTools
LogPluginManager: Mounting plugin IOSDeviceProfileSelector
LogPluginManager: Mounting plugin LinuxDeviceProfileSelector
LogPluginManager: Mounting plugin LocationServicesBPLibrary
LogPluginManager: Mounting plugin MobilePatchingUtils
LogPluginManager: Mounting plugin OpenXR
LogPluginManager: Mounting plugin OpenXREyeTracker
LogPluginManager: Mounting plugin OpenXRHandTracking
LogPluginManager: Mounting plugin PhysXVehicles
LogPluginManager: Mounting plugin PostSplashScreen
LogPluginManager: Mounting plugin PropertyAccessEditor
LogPluginManager: Mounting plugin ProceduralMeshComponent
LogPluginManager: Mounting plugin SignificanceManager
LogPluginManager: Mounting plugin SoundFields
LogPluginManager: Mounting plugin Synthesis
LogPluginManager: Mounting plugin WebMMoviePlayer
LogPluginManager: Mounting plugin WindowsMoviePlayer
LogPluginManager: Mounting plugin RuntimePhysXCooking
LogPluginManager: Mounting plugin Takes
LogPluginManager: Mounting plugin AlembicImporter
LogPluginManager: Mounting plugin VariantManagerContent
LogPluginManager: Mounting plugin DatasmithContent
LogPluginManager: Mounting plugin AutomationUtils
LogPluginManager: Mounting plugin BackChannel
LogPluginManager: Mounting plugin ChaosEditor
LogPluginManager: Mounting plugin ChaosClothEditor
LogPluginManager: Mounting plugin ChaosNiagara
LogPluginManager: Mounting plugin ChaosCloth
LogPluginManager: Mounting plugin ChaosSolverPlugin
LogPluginManager: Mounting plugin CharacterAI
LogPluginManager: Mounting plugin GeometryCache
LogPluginManager: Mounting plugin GeometryCollectionPlugin
LogPluginManager: Mounting plugin GeometryProcessing
LogPluginManager: Mounting plugin MotoSynth
LogPluginManager: Mounting plugin OpenImageDenoise
LogPluginManager: Mounting plugin PlanarCut
LogPluginManager: Mounting plugin PlatformCrypto
LogPluginManager: Mounting plugin ProxyLODPlugin
LogPluginManager: Mounting plugin SkeletalReduction
LogPluginManager: Mounting plugin PythonScriptPlugin
LogPluginManager: Mounting plugin ContentBrowserAssetDataSource
LogPluginManager: Mounting plugin ContentBrowserClassDataSource
LogPluginManager: Mounting plugin ContentBrowserFileDataSource
LogPluginManager: Mounting plugin OnlineSubsystemGooglePlay
LogPluginManager: Mounting plugin OnlineSubsystemIOS
LogPluginManager: Mounting plugin OculusVR
LogPluginManager: Mounting plugin SteamVR
PixWinPlugin: PIX capture plugin failed to initialize! Check that the process is launched from PIX.
LogInit: Using libcurl 7.55.1-DEV
LogInit:  - built for x86_64-pc-win32
LogInit:  - supports SSL with OpenSSL/1.1.1
LogInit:  - supports HTTP deflate (compression) using libz 1.2.8
LogInit:  - other features:
LogInit:      CURL_VERSION_SSL
LogInit:      CURL_VERSION_LIBZ
LogInit:      CURL_VERSION_IPV6
LogInit:      CURL_VERSION_ASYNCHDNS
LogInit:      CURL_VERSION_LARGEFILE
LogInit:      CURL_VERSION_IDN
LogInit:  CurlRequestOptions (configurable via config and command line):
LogInit:  - bVerifyPeer = true  - Libcurl will verify peer certificate
LogInit:  - bUseHttpProxy = false  - Libcurl will NOT use HTTP proxy
LogInit:  - bDontReuseConnections = false  - Libcurl will reuse connections
LogInit:  - MaxHostConnections = 16  - Libcurl will limit the number of connections to a host
LogInit:  - LocalHostAddr = Default
LogInit:  - BufferSize = 65536
LogOnline: OSS: Creating online subsystem instance for: NULL
LogInit: WinSock: version 1.1 (2.2), MaxSocks=32767, MaxUdp=65467
LogOnline: OSS: TryLoadSubsystemAndSetDefault: Loaded subsystem for module [NULL]
LogOculusPluginWrapper: OculusPlugin initialized successfully
LogHMD: Failed initializing OVRPlugin 1.59.0
LogInit: Build: ++UE4+Release-4.27-CL-18319896
LogInit: Engine Version: 4.27.2-18319896+++UE4+Release-4.27
LogInit: Compatible Engine Version: 4.27.0-17155196+++UE4+Release-4.27
LogInit: Net CL: 17155196
LogInit: OS: Windows 10 (Release 2009) (), CPU: AMD Ryzen 7 4700U with Radeon Graphics         , GPU: AMD Radeon(TM) Graphics
LogInit: Compiled (64-bit): Nov 30 2021 07:12:08
LogInit: Compiled with Visual C++: 19.24.28315.00
LogInit: Build Configuration: Development
LogInit: Branch Name: ++UE4+Release-4.27
LogInit: Command Line:  -EpicPortal -epicusername=JustinMakesGamez -epicuserid=e3cad16dd57a483db8ed94e0d127fa85 -epiclocale=en -epicsandboxid=ue
LogInit: Base Directory: C:/Users/justi/Games/UE_4.27/Engine/Binaries/Win64/
LogInit: Allocator: TBB
LogInit: Installed Engine Build: 1
LogDevObjectVersion: Number of dev versions registered: 29
LogDevObjectVersion:   Dev-Blueprints (B0D832E4-1F89-4F0D-ACCF-7EB736FD4AA2): 10
LogDevObjectVersion:   Dev-Build (E1C64328-A22C-4D53-A36C-8E866417BD8C): 0
LogDevObjectVersion:   Dev-Core (375EC13C-06E4-48FB-B500-84F0262A717E): 4
LogDevObjectVersion:   Dev-Editor (E4B068ED-F494-42E9-A231-DA0B2E46BB41): 40
LogDevObjectVersion:   Dev-Framework (CFFC743F-43B0-4480-9391-14DF171D2073): 37
LogDevObjectVersion:   Dev-Mobile (B02B49B5-BB20-44E9-A304-32B752E40360): 3
LogDevObjectVersion:   Dev-Networking (A4E4105C-59A1-49B5-A7C5-40C4547EDFEE): 0
LogDevObjectVersion:   Dev-Online (39C831C9-5AE6-47DC-9A44-9C173E1C8E7C): 0
LogDevObjectVersion:   Dev-Physics (78F01B33-EBEA-4F98-B9B4-84EACCB95AA2): 14
LogDevObjectVersion:   Dev-Platform (6631380F-2D4D-43E0-8009-CF276956A95A): 0
LogDevObjectVersion:   Dev-Rendering (12F88B9F-8875-4AFC-A67C-D90C383ABD29): 45
LogDevObjectVersion:   Dev-Sequencer (7B5AE74C-D270-4C10-A958-57980B212A5A): 13
LogDevObjectVersion:   Dev-VR (D7296918-1DD6-4BDD-9DE2-64A83CC13884): 3
LogDevObjectVersion:   Dev-LoadTimes (C2A15278-BFE7-4AFE-6C17-90FF531DF755): 1
LogDevObjectVersion:   Private-Geometry (6EACA3D4-40EC-4CC1-B786-8BED09428FC5): 3
LogDevObjectVersion:   Dev-AnimPhys (29E575DD-E0A3-4627-9D10-D276232CDCEA): 17
LogDevObjectVersion:   Dev-Anim (AF43A65D-7FD3-4947-9873-3E8ED9C1BB05): 15
LogDevObjectVersion:   Dev-ReflectionCapture (6B266CEC-1EC7-4B8F-A30B-E4D90942FC07): 1
LogDevObjectVersion:   Dev-Automation (0DF73D61-A23F-47EA-B727-89E90C41499A): 1
LogDevObjectVersion:   FortniteMain (601D1886-AC64-4F84-AA16-D3DE0DEAC7D6): 47
LogDevObjectVersion:   FortniteRelease (E7086368-6B23-4C58-8439-1B7016265E91): 1
LogDevObjectVersion:   Dev-Enterprise (9DFFBCD6-494F-0158-E221-12823C92A888): 10
LogDevObjectVersion:   Dev-Niagara (F2AED0AC-9AFE-416F-8664-AA7FFA26D6FC): 1
LogDevObjectVersion:   Dev-Destruction (174F1F0B-B4C6-45A5-B13F-2EE8D0FB917D): 10
LogDevObjectVersion:   Dev-Physics-Ext (35F94A83-E258-406C-A318-09F59610247C): 41
LogDevObjectVersion:   Dev-PhysicsMaterial-Chaos (B68FC16E-8B1B-42E2-B453-215C058844FE): 1
LogDevObjectVersion:   Dev-CineCamera (B2E18506-4273-CFC2-A54E-F4BB758BBA07): 1
LogDevObjectVersion:   Dev-VirtualProduction (64F58936-FD1B-42BA-BA96-7289D5D0FA4E): 1
LogDevObjectVersion:   Dev-MediaFramework (6F0ED827-A609-4895-9C91-998D90180EA4): 2
LogInit: Presizing for max 25165824 objects, including 0 objects not considered by GC, pre-allocating 0 bytes for permanent pool.
LogConfig: Applying CVar settings from Section [/Script/Engine.StreamingSettings] File [C:/Users/justi/Documents/GitHub/CS4361/MyProject3/Saved/Config/Windows/Engine.ini]
LogConfig: Setting CVar [[s.MinBulkDataSizeForAsyncLoading:131072]]
LogConfig: Setting CVar [[s.AsyncLoadingThreadEnabled:0]]
LogConfig: Setting CVar [[s.EventDrivenLoaderEnabled:1]]
LogConfig: Setting CVar [[s.WarnIfTimeLimitExceeded:0]]
LogConfig: Setting CVar [[s.TimeLimitExceededMultiplier:1.5]]
LogConfig: Setting CVar [[s.TimeLimitExceededMinTime:0.005]]
LogConfig: Setting CVar [[s.UseBackgroundLevelStreaming:1]]
LogConfig: Setting CVar [[s.PriorityAsyncLoadingExtraTime:15.0]]
LogConfig: Setting CVar [[s.LevelStreamingActorsUpdateTimeLimit:5.0]]
LogConfig: Setting CVar [[s.PriorityLevelStreamingActorsUpdateExtraTime:5.0]]
LogConfig: Setting CVar [[s.LevelStreamingComponentsRegistrationGranularity:10]]
LogConfig: Setting CVar [[s.UnregisterComponentsTimeLimit:1.0]]
LogConfig: Setting CVar [[s.LevelStreamingComponentsUnregistrationGranularity:5]]
LogConfig: Setting CVar [[s.FlushStreamingOnExit:1]]
LogInit: Object subsystem initialized
LogConfig: Setting CVar [[con.DebugEarlyDefault:1]]
LogConfig: Setting CVar [[r.setres:1280x720]]
[2022.11.06-16.37.32:266][  0]LogConfig: Setting CVar [[r.VSync:0]]
[2022.11.06-16.37.32:266][  0]LogConfig: Setting CVar [[r.RHICmdBypass:0]]
[2022.11.06-16.37.32:266][  0]LogConfig: Applying CVar settings from Section [/Script/Engine.RendererSettings] File [C:/Users/justi/Documents/GitHub/CS4361/MyProject3/Saved/Config/Windows/Engine.ini]
[2022.11.06-16.37.32:266][  0]LogConfig: Setting CVar [[r.GPUCrashDebugging:0]]
[2022.11.06-16.37.32:266][  0]LogConfig: Applying CVar settings from Section [/Script/Engine.RendererOverrideSettings] File [C:/Users/justi/Documents/GitHub/CS4361/MyProject3/Saved/Config/Windows/Engine.ini]
[2022.11.06-16.37.32:266][  0]LogConfig: Applying CVar settings from Section [/Script/Engine.StreamingSettings] File [C:/Users/justi/Documents/GitHub/CS4361/MyProject3/Saved/Config/Windows/Engine.ini]
[2022.11.06-16.37.32:266][  0]LogConfig: Setting CVar [[s.MinBulkDataSizeForAsyncLoading:131072]]
[2022.11.06-16.37.32:266][  0]LogConfig: Setting CVar [[s.AsyncLoadingThreadEnabled:0]]
[2022.11.06-16.37.32:266][  0]LogConfig: Setting CVar [[s.EventDrivenLoaderEnabled:1]]
[2022.11.06-16.37.32:266][  0]LogConfig: Setting CVar [[s.WarnIfTimeLimitExceeded:0]]
[2022.11.06-16.37.32:266][  0]LogConfig: Setting CVar [[s.TimeLimitExceededMultiplier:1.5]]
[2022.11.06-16.37.32:266][  0]LogConfig: Setting CVar [[s.TimeLimitExceededMinTime:0.005]]
[2022.11.06-16.37.32:266][  0]LogConfig: Setting CVar [[s.UseBackgroundLevelStreaming:1]]
[2022.11.06-16.37.32:266][  0]LogConfig: Setting CVar [[s.PriorityAsyncLoadingExtraTime:15.0]]
[2022.11.06-16.37.32:266][  0]LogConfig: Setting CVar [[s.LevelStreamingActorsUpdateTimeLimit:5.0]]
[2022.11.06-16.37.32:266][  0]LogConfig: Setting CVar [[s.PriorityLevelStreamingActorsUpdateExtraTime:5.0]]
[2022.11.06-16.37.32:266][  0]LogConfig: Setting CVar [[s.LevelStreamingComponentsRegistrationGranularity:10]]
[2022.11.06-16.37.32:266][  0]LogConfig: Setting CVar [[s.UnregisterComponentsTimeLimit:1.0]]
[2022.11.06-16.37.32:266][  0]LogConfig: Setting CVar [[s.LevelStreamingComponentsUnregistrationGranularity:5]]
[2022.11.06-16.37.32:266][  0]LogConfig: Setting CVar [[s.FlushStreamingOnExit:1]]
[2022.11.06-16.37.32:266][  0]LogConfig: Applying CVar settings from Section [/Script/Engine.GarbageCollectionSettings] File [C:/Users/justi/Documents/GitHub/CS4361/MyProject3/Saved/Config/Windows/Engine.ini]
[2022.11.06-16.37.32:266][  0]LogConfig: Setting CVar [[gc.MaxObjectsNotConsideredByGC:1]]
[2022.11.06-16.37.32:266][  0]LogConfig: Setting CVar [[gc.SizeOfPermanentObjectPool:0]]
[2022.11.06-16.37.32:266][  0]LogConfig: Setting CVar [[gc.FlushStreamingOnGC:0]]
[2022.11.06-16.37.32:266][  0]LogConfig: Setting CVar [[gc.NumRetriesBeforeForcingGC:10]]
[2022.11.06-16.37.32:266][  0]LogConfig: Setting CVar [[gc.AllowParallelGC:1]]
[2022.11.06-16.37.32:266][  0]LogConfig: Setting CVar [[gc.TimeBetweenPurgingPendingKillObjects:61.1]]
[2022.11.06-16.37.32:266][  0]LogConfig: Setting CVar [[gc.MaxObjectsInEditor:25165824]]
[2022.11.06-16.37.32:266][  0]LogConfig: Setting CVar [[gc.IncrementalBeginDestroyEnabled:1]]
[2022.11.06-16.37.32:266][  0]LogConfig: Setting CVar [[gc.CreateGCClusters:1]]
[2022.11.06-16.37.32:266][  0]LogConfig: Setting CVar [[gc.MinGCClusterSize:5]]
[2022.11.06-16.37.32:266][  0]LogConfig: Setting CVar [[gc.ActorClusteringEnabled:0]]
[2022.11.06-16.37.32:266][  0]LogConfig: Setting CVar [[gc.BlueprintClusteringEnabled:0]]
[2022.11.06-16.37.32:266][  0]LogConfig: Setting CVar [[gc.UseDisregardForGCOnDedicatedServers:0]]
[2022.11.06-16.37.32:266][  0]LogConfig: Setting CVar [[gc.MultithreadedDestructionEnabled:1]]
[2022.11.06-16.37.32:266][  0]LogConfig: Applying CVar settings from Section [/Script/Engine.NetworkSettings] File [C:/Users/justi/Documents/GitHub/CS4361/MyProject3/Saved/Config/Windows/Engine.ini]
[2022.11.06-16.37.32:266][  0]LogConfig: Applying CVar settings from Section [/Script/UnrealEd.CookerSettings] File [C:/Users/justi/Documents/GitHub/CS4361/MyProject3/Saved/Config/Windows/Engine.ini]
[2022.11.06-16.37.32:274][  0]LogConfig: Applying CVar settings from Section [ViewDistanceQuality@3] File [C:/Users/justi/Documents/GitHub/CS4361/MyProject3/Saved/Config/Windows/Scalability.ini]
[2022.11.06-16.37.32:274][  0]LogConfig: Setting CVar [[r.SkeletalMeshLODBias:0]]
[2022.11.06-16.37.32:274][  0]LogConfig: Setting CVar [[r.ViewDistanceScale:1.0]]
[2022.11.06-16.37.32:274][  0]LogConfig: Applying CVar settings from Section [AntiAliasingQuality@3] File [C:/Users/justi/Documents/GitHub/CS4361/MyProject3/Saved/Config/Windows/Scalability.ini]
[2022.11.06-16.37.32:274][  0]LogConfig: Setting CVar [[r.PostProcessAAQuality:4]]
[2022.11.06-16.37.32:274][  0]LogConfig: Applying CVar settings from Section [ShadowQuality@3] File [C:/Users/justi/Documents/GitHub/CS4361/MyProject3/Saved/Config/Windows/Scalability.ini]
[2022.11.06-16.37.32:274][  0]LogConfig: Setting CVar [[r.LightFunctionQuality:1]]
[2022.11.06-16.37.32:274][  0]LogConfig: Setting CVar [[r.ShadowQuality:5]]
[2022.11.06-16.37.32:274][  0]LogConfig: Setting CVar [[r.Shadow.CSM.MaxCascades:10]]
[2022.11.06-16.37.32:274][  0]LogConfig: Setting CVar [[r.Shadow.MaxResolution:2048]]
[2022.11.06-16.37.32:274][  0]LogConfig: Setting CVar [[r.Shadow.MaxCSMResolution:2048]]
[2022.11.06-16.37.32:274][  0]LogConfig: Setting CVar [[r.Shadow.RadiusThreshold:0.01]]
[2022.11.06-16.37.32:274][  0]LogConfig: Setting CVar [[r.Shadow.DistanceScale:1.0]]
[2022.11.06-16.37.32:274][  0]LogConfig: Setting CVar [[r.Shadow.CSM.TransitionScale:1.0]]
[2022.11.06-16.37.32:274][  0]LogConfig: Setting CVar [[r.Shadow.PreShadowResolutionFactor:1.0]]
[2022.11.06-16.37.32:274][  0]LogConfig: Setting CVar [[r.DistanceFieldShadowing:1]]
[2022.11.06-16.37.32:274][  0]LogConfig: Setting CVar [[r.DistanceFieldAO:1]]
[2022.11.06-16.37.32:274][  0]LogConfig: Setting CVar [[r.AOQuality:2]]
[2022.11.06-16.37.32:274][  0]LogConfig: Setting CVar [[r.VolumetricFog:1]]
[2022.11.06-16.37.32:274][  0]LogConfig: Setting CVar [[r.VolumetricFog.GridPixelSize:8]]
[2022.11.06-16.37.32:274][  0]LogConfig: Setting CVar [[r.VolumetricFog.GridSizeZ:128]]
[2022.11.06-16.37.32:274][  0]LogConfig: Setting CVar [[r.VolumetricFog.HistoryMissSupersampleCount:4]]
[2022.11.06-16.37.32:274][  0]LogConfig: Setting CVar [[r.LightMaxDrawDistanceScale:1]]
[2022.11.06-16.37.32:274][  0]LogConfig: Setting CVar [[r.CapsuleShadows:1]]
[2022.11.06-16.37.32:274][  0]LogConfig: Applying CVar settings from Section [PostProcessQuality@3] File [C:/Users/justi/Documents/GitHub/CS4361/MyProject3/Saved/Config/Windows/Scalability.ini]
[2022.11.06-16.37.32:274][  0]LogConfig: Setting CVar [[r.MotionBlurQuality:4]]
[2022.11.06-16.37.32:274][  0]LogConfig: Setting CVar [[r.AmbientOcclusionMipLevelFactor:0.4]]
[2022.11.06-16.37.32:274][  0]LogConfig: Setting CVar [[r.AmbientOcclusionMaxQuality:100]]
[2022.11.06-16.37.32:274][  0]LogConfig: Setting CVar [[r.AmbientOcclusionLevels:-1]]
[2022.11.06-16.37.32:274][  0]LogConfig: Setting CVar [[r.AmbientOcclusionRadiusScale:1.0]]
[2022.11.06-16.37.32:274][  0]LogConfig: Setting CVar [[r.DepthOfFieldQuality:2]]
[2022.11.06-16.37.32:274][  0]LogConfig: Setting CVar [[r.RenderTargetPoolMin:400]]
[2022.11.06-16.37.32:274][  0]LogConfig: Setting CVar [[r.LensFlareQuality:2]]
[2022.11.06-16.37.32:274][  0]LogConfig: Setting CVar [[r.SceneColorFringeQuality:1]]
[2022.11.06-16.37.32:274][  0]LogConfig: Setting CVar [[r.EyeAdaptationQuality:2]]
[2022.11.06-16.37.32:275][  0]LogConfig: Setting CVar [[r.BloomQuality:5]]
[2022.11.06-16.37.32:275][  0]LogConfig: Setting CVar [[r.FastBlurThreshold:100]]
[2022.11.06-16.37.32:275][  0]LogConfig: Setting CVar [[r.Upscale.Quality:3]]
[2022.11.06-16.37.32:275][  0]LogConfig: Setting CVar [[r.Tonemapper.GrainQuantization:1]]
[2022.11.06-16.37.32:275][  0]LogConfig: Setting CVar [[r.LightShaftQuality:1]]
[2022.11.06-16.37.32:275][  0]LogConfig: Setting CVar [[r.Filter.SizeScale:1]]
[2022.11.06-16.37.32:275][  0]LogConfig: Setting CVar [[r.Tonemapper.Quality:5]]
[2022.11.06-16.37.32:275][  0]LogConfig: Setting CVar [[r.DOF.Gather.AccumulatorQuality:1        ; higher gathering accumulator quality]]
[2022.11.06-16.37.32:275][  0]LogConfig: Setting CVar [[r.DOF.Gather.PostfilterMethod:1          ; Median3x3 postfilering method]]
[2022.11.06-16.37.32:275][  0]LogConfig: Setting CVar [[r.DOF.Gather.EnableBokehSettings:0       ; no bokeh simulation when gathering]]
[2022.11.06-16.37.32:275][  0]LogConfig: Setting CVar [[r.DOF.Gather.RingCount:4                 ; medium number of samples when gathering]]
[2022.11.06-16.37.32:275][  0]LogConfig: Setting CVar [[r.DOF.Scatter.ForegroundCompositing:1    ; additive foreground scattering]]
[2022.11.06-16.37.32:275][  0]LogConfig: Setting CVar [[r.DOF.Scatter.BackgroundCompositing:2    ; additive background scattering]]
[2022.11.06-16.37.32:275][  0]LogConfig: Setting CVar [[r.DOF.Scatter.EnableBokehSettings:1      ; bokeh simulation when scattering]]
[2022.11.06-16.37.32:275][  0]LogConfig: Setting CVar [[r.DOF.Scatter.MaxSpriteRatio:0.1         ; only a maximum of 10% of scattered bokeh]]
[2022.11.06-16.37.32:275][  0]LogConfig: Setting CVar [[r.DOF.Recombine.Quality:1                ; cheap slight out of focus]]
[2022.11.06-16.37.32:275][  0]LogConfig: Setting CVar [[r.DOF.Recombine.EnableBokehSettings:0    ; no bokeh simulation on slight out of focus]]
[2022.11.06-16.37.32:275][  0]LogConfig: Setting CVar [[r.DOF.TemporalAAQuality:1                ; more stable temporal accumulation]]
[2022.11.06-16.37.32:275][  0]LogConfig: Setting CVar [[r.DOF.Kernel.MaxForegroundRadius:0.025]]
[2022.11.06-16.37.32:275][  0]LogConfig: Setting CVar [[r.DOF.Kernel.MaxBackgroundRadius:0.025]]
[2022.11.06-16.37.32:275][  0]LogConfig: Applying CVar settings from Section [TextureQuality@3] File [C:/Users/justi/Documents/GitHub/CS4361/MyProject3/Saved/Config/Windows/Scalability.ini]
[2022.11.06-16.37.32:275][  0]LogConfig: Setting CVar [[r.Streaming.MipBias:0]]
[2022.11.06-16.37.32:275][  0]LogConfig: Setting CVar [[r.Streaming.AmortizeCPUToGPUCopy:0]]
[2022.11.06-16.37.32:275][  0]LogConfig: Setting CVar [[r.Streaming.MaxNumTexturesToStreamPerFrame:0]]
[2022.11.06-16.37.32:275][  0]LogConfig: Setting CVar [[r.Streaming.Boost:1]]
[2022.11.06-16.37.32:275][  0]LogConfig: Setting CVar [[r.MaxAnisotropy:8]]
[2022.11.06-16.37.32:275][  0]LogConfig: Setting CVar [[r.VT.MaxAnisotropy:8]]
[2022.11.06-16.37.32:275][  0]LogConfig: Setting CVar [[r.Streaming.LimitPoolSizeToVRAM:0]]
[2022.11.06-16.37.32:275][  0]LogConfig: Setting CVar [[r.Streaming.PoolSize:1000]]
[2022.11.06-16.37.32:275][  0]LogConfig: Setting CVar [[r.Streaming.MaxEffectiveScreenSize:0]]
[2022.11.06-16.37.32:275][  0]LogConfig: Applying CVar settings from Section [EffectsQuality@3] File [C:/Users/justi/Documents/GitHub/CS4361/MyProject3/Saved/Config/Windows/Scalability.ini]
[2022.11.06-16.37.32:275][  0]LogConfig: Setting CVar [[r.TranslucencyLightingVolumeDim:64]]
[2022.11.06-16.37.32:275][  0]LogConfig: Setting CVar [[r.RefractionQuality:2]]
[2022.11.06-16.37.32:275][  0]LogConfig: Setting CVar [[r.SSR.Quality:3]]
[2022.11.06-16.37.32:275][  0]LogConfig: Setting CVar [[r.SSR.HalfResSceneColor:0]]
[2022.11.06-16.37.32:275][  0]LogConfig: Setting CVar [[r.SceneColorFormat:4]]
[2022.11.06-16.37.32:275][  0]LogConfig: Setting CVar [[r.DetailMode:2]]
[2022.11.06-16.37.32:275][  0]LogConfig: Setting CVar [[r.TranslucencyVolumeBlur:1]]
[2022.11.06-16.37.32:275][  0]LogConfig: Setting CVar [[r.MaterialQualityLevel:1 ; High quality]]
[2022.11.06-16.37.32:275][  0]LogConfig: Setting CVar [[r.AnisotropicMaterials:1]]
[2022.11.06-16.37.32:275][  0]LogConfig: Setting CVar [[r.SSS.Scale:1]]
[2022.11.06-16.37.32:275][  0]LogConfig: Setting CVar [[r.SSS.SampleSet:2]]
[2022.11.06-16.37.32:275][  0]LogConfig: Setting CVar [[r.SSS.Quality:1]]
[2022.11.06-16.37.32:275][  0]LogConfig: Setting CVar [[r.SSS.HalfRes:0]]
[2022.11.06-16.37.32:275][  0]LogConfig: Setting CVar [[r.SSGI.Quality:3]]
[2022.11.06-16.37.32:275][  0]LogConfig: Setting CVar [[r.EmitterSpawnRateScale:1.0]]
[2022.11.06-16.37.32:275][  0]LogConfig: Setting CVar [[r.ParticleLightQuality:2]]
[2022.11.06-16.37.32:275][  0]LogConfig: Setting CVar [[r.SkyAtmosphere.AerialPerspectiveLUT.FastApplyOnOpaque:1 ; Always have FastSkyLUT 1 in this case to avoid wrong sky]]
[2022.11.06-16.37.32:275][  0]LogConfig: Setting CVar [[r.SkyAtmosphere.AerialPerspectiveLUT.SampleCountMaxPerSlice:4]]
[2022.11.06-16.37.32:275][  0]LogConfig: Setting CVar [[r.SkyAtmosphere.AerialPerspectiveLUT.DepthResolution:16.0]]
[2022.11.06-16.37.32:275][  0]LogConfig: Setting CVar [[r.SkyAtmosphere.FastSkyLUT:1]]
[2022.11.06-16.37.32:275][  0]LogConfig: Setting CVar [[r.SkyAtmosphere.FastSkyLUT.SampleCountMin:4.0]]
[2022.11.06-16.37.32:275][  0]LogConfig: Setting CVar [[r.SkyAtmosphere.FastSkyLUT.SampleCountMax:128.0]]
[2022.11.06-16.37.32:275][  0]LogConfig: Setting CVar [[r.SkyAtmosphere.SampleCountMin:4.0]]
[2022.11.06-16.37.32:275][  0]LogConfig: Setting CVar [[r.SkyAtmosphere.SampleCountMax:128.0]]
[2022.11.06-16.37.32:275][  0]LogConfig: Setting CVar [[r.SkyAtmosphere.TransmittanceLUT.UseSmallFormat:0]]
[2022.11.06-16.37.32:275][  0]LogConfig: Setting CVar [[r.SkyAtmosphere.TransmittanceLUT.SampleCount:10.0]]
[2022.11.06-16.37.32:275][  0]LogConfig: Setting CVar [[r.SkyAtmosphere.MultiScatteringLUT.SampleCount:15.0]]
[2022.11.06-16.37.32:275][  0]LogConfig: Setting CVar [[r.SkyLight.RealTimeReflectionCapture:1]]
[2022.11.06-16.37.32:275][  0]LogConfig: Applying CVar settings from Section [FoliageQuality@3] File [C:/Users/justi/Documents/GitHub/CS4361/MyProject3/Saved/Config/Windows/Scalability.ini]
[2022.11.06-16.37.32:275][  0]LogConfig: Setting CVar [[foliage.DensityScale:1.0]]
[2022.11.06-16.37.32:275][  0]LogConfig: Setting CVar [[grass.DensityScale:1.0]]
[2022.11.06-16.37.32:275][  0]LogConfig: Applying CVar settings from Section [ShadingQuality@3] File [C:/Users/justi/Documents/GitHub/CS4361/MyProject3/Saved/Config/Windows/Scalability.ini]
[2022.11.06-16.37.32:275][  0]LogConfig: Setting CVar [[r.HairStrands.SkyLighting.IntegrationType:2]]
[2022.11.06-16.37.32:275][  0]LogConfig: Setting CVar [[r.HairStrands.SkyAO.SampleCount:4]]
[2022.11.06-16.37.32:275][  0]LogConfig: Setting CVar [[r.HairStrands.Visibility.MSAA.SamplePerPixel:4]]
[2022.11.06-16.37.32:275][  0]LogInit: Selected Device Profile: [Windows]
[2022.11.06-16.37.32:275][  0]LogInit: Applying CVar settings loaded from the selected device profile: [Windows]
[2022.11.06-16.37.32:275][  0]LogHAL: Display: Platform has ~ 8 GB [7916920832 / 8589934592 / 8], which maps to Default [LargestMinGB=32, LargerMinGB=12, DefaultMinGB=8, SmallerMinGB=6, SmallestMinGB=0)
[2022.11.06-16.37.32:275][  0]LogInit: Going up to parent DeviceProfile []
[2022.11.06-16.37.32:275][  0]LogConfig: Applying CVar settings from Section [ViewDistanceQuality@3] File [C:/Users/justi/Documents/GitHub/CS4361/MyProject3/Saved/Config/Windows/Scalability.ini]
[2022.11.06-16.37.32:275][  0]LogConfig: Setting CVar [[r.SkeletalMeshLODBias:0]]
[2022.11.06-16.37.32:275][  0]LogConfig: Setting CVar [[r.ViewDistanceScale:1.0]]
[2022.11.06-16.37.32:275][  0]LogConfig: Applying CVar settings from Section [AntiAliasingQuality@3] File [C:/Users/justi/Documents/GitHub/CS4361/MyProject3/Saved/Config/Windows/Scalability.ini]
[2022.11.06-16.37.32:275][  0]LogConfig: Setting CVar [[r.PostProcessAAQuality:4]]
[2022.11.06-16.37.32:275][  0]LogConfig: Applying CVar settings from Section [ShadowQuality@3] File [C:/Users/justi/Documents/GitHub/CS4361/MyProject3/Saved/Config/Windows/Scalability.ini]
[2022.11.06-16.37.32:275][  0]LogConfig: Setting CVar [[r.LightFunctionQuality:1]]
[2022.11.06-16.37.32:275][  0]LogConfig: Setting CVar [[r.ShadowQuality:5]]
[2022.11.06-16.37.32:275][  0]LogConfig: Setting CVar [[r.Shadow.CSM.MaxCascades:10]]
[2022.11.06-16.37.32:275][  0]LogConfig: Setting CVar [[r.Shadow.MaxResolution:2048]]
[2022.11.06-16.37.32:275][  0]LogConfig: Setting CVar [[r.Shadow.MaxCSMResolution:2048]]
[2022.11.06-16.37.32:275][  0]LogConfig: Setting CVar [[r.Shadow.RadiusThreshold:0.01]]
[2022.11.06-16.37.32:275][  0]LogConfig: Setting CVar [[r.Shadow.DistanceScale:1.0]]
[2022.11.06-16.37.32:275][  0]LogConfig: Setting CVar [[r.Shadow.CSM.TransitionScale:1.0]]
[2022.11.06-16.37.32:275][  0]LogConfig: Setting CVar [[r.Shadow.PreShadowResolutionFactor:1.0]]
[2022.11.06-16.37.32:276][  0]LogConfig: Setting CVar [[r.DistanceFieldShadowing:1]]
[2022.11.06-16.37.32:276][  0]LogConfig: Setting CVar [[r.DistanceFieldAO:1]]
[2022.11.06-16.37.32:276][  0]LogConfig: Setting CVar [[r.AOQuality:2]]
[2022.11.06-16.37.32:276][  0]LogConfig: Setting CVar [[r.VolumetricFog:1]]
[2022.11.06-16.37.32:276][  0]LogConfig: Setting CVar [[r.VolumetricFog.GridPixelSize:8]]
[2022.11.06-16.37.32:276][  0]LogConfig: Setting CVar [[r.VolumetricFog.GridSizeZ:128]]
[2022.11.06-16.37.32:276][  0]LogConfig: Setting CVar [[r.VolumetricFog.HistoryMissSupersampleCount:4]]
[2022.11.06-16.37.32:276][  0]LogConfig: Setting CVar [[r.LightMaxDrawDistanceScale:1]]
[2022.11.06-16.37.32:276][  0]LogConfig: Setting CVar [[r.CapsuleShadows:1]]
[2022.11.06-16.37.32:276][  0]LogConfig: Applying CVar settings from Section [PostProcessQuality@3] File [C:/Users/justi/Documents/GitHub/CS4361/MyProject3/Saved/Config/Windows/Scalability.ini]
[2022.11.06-16.37.32:276][  0]LogConfig: Setting CVar [[r.MotionBlurQuality:4]]
[2022.11.06-16.37.32:276][  0]LogConfig: Setting CVar [[r.AmbientOcclusionMipLevelFactor:0.4]]
[2022.11.06-16.37.32:276][  0]LogConfig: Setting CVar [[r.AmbientOcclusionMaxQuality:100]]
[2022.11.06-16.37.32:276][  0]LogConfig: Setting CVar [[r.AmbientOcclusionLevels:-1]]
[2022.11.06-16.37.32:276][  0]LogConfig: Setting CVar [[r.AmbientOcclusionRadiusScale:1.0]]
[2022.11.06-16.37.32:276][  0]LogConfig: Setting CVar [[r.DepthOfFieldQuality:2]]
[2022.11.06-16.37.32:276][  0]LogConfig: Setting CVar [[r.RenderTargetPoolMin:400]]
[2022.11.06-16.37.32:276][  0]LogConfig: Setting CVar [[r.LensFlareQuality:2]]
[2022.11.06-16.37.32:276][  0]LogConfig: Setting CVar [[r.SceneColorFringeQuality:1]]
[2022.11.06-16.37.32:276][  0]LogConfig: Setting CVar [[r.EyeAdaptationQuality:2]]
[2022.11.06-16.37.32:276][  0]LogConfig: Setting CVar [[r.BloomQuality:5]]
[2022.11.06-16.37.32:276][  0]LogConfig: Setting CVar [[r.FastBlurThreshold:100]]
[2022.11.06-16.37.32:276][  0]LogConfig: Setting CVar [[r.Upscale.Quality:3]]
[2022.11.06-16.37.32:276][  0]LogConfig: Setting CVar [[r.Tonemapper.GrainQuantization:1]]
[2022.11.06-16.37.32:276][  0]LogConfig: Setting CVar [[r.LightShaftQuality:1]]
[2022.11.06-16.37.32:276][  0]LogConfig: Setting CVar [[r.Filter.SizeScale:1]]
[2022.11.06-16.37.32:276][  0]LogConfig: Setting CVar [[r.Tonemapper.Quality:5]]
[2022.11.06-16.37.32:276][  0]LogConfig: Setting CVar [[r.DOF.Gather.AccumulatorQuality:1        ; higher gathering accumulator quality]]
[2022.11.06-16.37.32:276][  0]LogConfig: Setting CVar [[r.DOF.Gather.PostfilterMethod:1          ; Median3x3 postfilering method]]
[2022.11.06-16.37.32:276][  0]LogConfig: Setting CVar [[r.DOF.Gather.EnableBokehSettings:0       ; no bokeh simulation when gathering]]
[2022.11.06-16.37.32:276][  0]LogConfig: Setting CVar [[r.DOF.Gather.RingCount:4                 ; medium number of samples when gathering]]
[2022.11.06-16.37.32:276][  0]LogConfig: Setting CVar [[r.DOF.Scatter.ForegroundCompositing:1    ; additive foreground scattering]]
[2022.11.06-16.37.32:276][  0]LogConfig: Setting CVar [[r.DOF.Scatter.BackgroundCompositing:2    ; additive background scattering]]
[2022.11.06-16.37.32:276][  0]LogConfig: Setting CVar [[r.DOF.Scatter.EnableBokehSettings:1      ; bokeh simulation when scattering]]
[2022.11.06-16.37.32:276][  0]LogConfig: Setting CVar [[r.DOF.Scatter.MaxSpriteRatio:0.1         ; only a maximum of 10% of scattered bokeh]]
[2022.11.06-16.37.32:276][  0]LogConfig: Setting CVar [[r.DOF.Recombine.Quality:1                ; cheap slight out of focus]]
[2022.11.06-16.37.32:276][  0]LogConfig: Setting CVar [[r.DOF.Recombine.EnableBokehSettings:0    ; no bokeh simulation on slight out of focus]]
[2022.11.06-16.37.32:276][  0]LogConfig: Setting CVar [[r.DOF.TemporalAAQuality:1                ; more stable temporal accumulation]]
[2022.11.06-16.37.32:276][  0]LogConfig: Setting CVar [[r.DOF.Kernel.MaxForegroundRadius:0.025]]
[2022.11.06-16.37.32:276][  0]LogConfig: Setting CVar [[r.DOF.Kernel.MaxBackgroundRadius:0.025]]
[2022.11.06-16.37.32:276][  0]LogConfig: Applying CVar settings from Section [TextureQuality@3] File [C:/Users/justi/Documents/GitHub/CS4361/MyProject3/Saved/Config/Windows/Scalability.ini]
[2022.11.06-16.37.32:276][  0]LogConfig: Setting CVar [[r.Streaming.MipBias:0]]
[2022.11.06-16.37.32:276][  0]LogConfig: Setting CVar [[r.Streaming.AmortizeCPUToGPUCopy:0]]
[2022.11.06-16.37.32:276][  0]LogConfig: Setting CVar [[r.Streaming.MaxNumTexturesToStreamPerFrame:0]]
[2022.11.06-16.37.32:276][  0]LogConfig: Setting CVar [[r.Streaming.Boost:1]]
[2022.11.06-16.37.32:276][  0]LogConfig: Setting CVar [[r.MaxAnisotropy:8]]
[2022.11.06-16.37.32:276][  0]LogConfig: Setting CVar [[r.VT.MaxAnisotropy:8]]
[2022.11.06-16.37.32:276][  0]LogConfig: Setting CVar [[r.Streaming.LimitPoolSizeToVRAM:0]]
[2022.11.06-16.37.32:276][  0]LogConfig: Setting CVar [[r.Streaming.PoolSize:1000]]
[2022.11.06-16.37.32:276][  0]LogConfig: Setting CVar [[r.Streaming.MaxEffectiveScreenSize:0]]
[2022.11.06-16.37.32:276][  0]LogConfig: Applying CVar settings from Section [EffectsQuality@3] File [C:/Users/justi/Documents/GitHub/CS4361/MyProject3/Saved/Config/Windows/Scalability.ini]
[2022.11.06-16.37.32:276][  0]LogConfig: Setting CVar [[r.TranslucencyLightingVolumeDim:64]]
[2022.11.06-16.37.32:276][  0]LogConfig: Setting CVar [[r.RefractionQuality:2]]
[2022.11.06-16.37.32:276][  0]LogConfig: Setting CVar [[r.SSR.Quality:3]]
[2022.11.06-16.37.32:276][  0]LogConfig: Setting CVar [[r.SSR.HalfResSceneColor:0]]
[2022.11.06-16.37.32:276][  0]LogConfig: Setting CVar [[r.SceneColorFormat:4]]
[2022.11.06-16.37.32:276][  0]LogConfig: Setting CVar [[r.DetailMode:2]]
[2022.11.06-16.37.32:276][  0]LogConfig: Setting CVar [[r.TranslucencyVolumeBlur:1]]
[2022.11.06-16.37.32:276][  0]LogConfig: Setting CVar [[r.MaterialQualityLevel:1 ; High quality]]
[2022.11.06-16.37.32:276][  0]LogConfig: Setting CVar [[r.AnisotropicMaterials:1]]
[2022.11.06-16.37.32:276][  0]LogConfig: Setting CVar [[r.SSS.Scale:1]]
[2022.11.06-16.37.32:276][  0]LogConfig: Setting CVar [[r.SSS.SampleSet:2]]
[2022.11.06-16.37.32:276][  0]LogConfig: Setting CVar [[r.SSS.Quality:1]]
[2022.11.06-16.37.32:276][  0]LogConfig: Setting CVar [[r.SSS.HalfRes:0]]
[2022.11.06-16.37.32:276][  0]LogConfig: Setting CVar [[r.SSGI.Quality:3]]
[2022.11.06-16.37.32:276][  0]LogConfig: Setting CVar [[r.EmitterSpawnRateScale:1.0]]
[2022.11.06-16.37.32:276][  0]LogConfig: Setting CVar [[r.ParticleLightQuality:2]]
[2022.11.06-16.37.32:276][  0]LogConfig: Setting CVar [[r.SkyAtmosphere.AerialPerspectiveLUT.FastApplyOnOpaque:1 ; Always have FastSkyLUT 1 in this case to avoid wrong sky]]
[2022.11.06-16.37.32:276][  0]LogConfig: Setting CVar [[r.SkyAtmosphere.AerialPerspectiveLUT.SampleCountMaxPerSlice:4]]
[2022.11.06-16.37.32:276][  0]LogConfig: Setting CVar [[r.SkyAtmosphere.AerialPerspectiveLUT.DepthResolution:16.0]]
[2022.11.06-16.37.32:276][  0]LogConfig: Setting CVar [[r.SkyAtmosphere.FastSkyLUT:1]]
[2022.11.06-16.37.32:276][  0]LogConfig: Setting CVar [[r.SkyAtmosphere.FastSkyLUT.SampleCountMin:4.0]]
[2022.11.06-16.37.32:276][  0]LogConfig: Setting CVar [[r.SkyAtmosphere.FastSkyLUT.SampleCountMax:128.0]]
[2022.11.06-16.37.32:276][  0]LogConfig: Setting CVar [[r.SkyAtmosphere.SampleCountMin:4.0]]
[2022.11.06-16.37.32:276][  0]LogConfig: Setting CVar [[r.SkyAtmosphere.SampleCountMax:128.0]]
[2022.11.06-16.37.32:276][  0]LogConfig: Setting CVar [[r.SkyAtmosphere.TransmittanceLUT.UseSmallFormat:0]]
[2022.11.06-16.37.32:276][  0]LogConfig: Setting CVar [[r.SkyAtmosphere.TransmittanceLUT.SampleCount:10.0]]
[2022.11.06-16.37.32:276][  0]LogConfig: Setting CVar [[r.SkyAtmosphere.MultiScatteringLUT.SampleCount:15.0]]
[2022.11.06-16.37.32:276][  0]LogConfig: Setting CVar [[r.SkyLight.RealTimeReflectionCapture:1]]
[2022.11.06-16.37.32:276][  0]LogConfig: Applying CVar settings from Section [FoliageQuality@3] File [C:/Users/justi/Documents/GitHub/CS4361/MyProject3/Saved/Config/Windows/Scalability.ini]
[2022.11.06-16.37.32:276][  0]LogConfig: Setting CVar [[foliage.DensityScale:1.0]]
[2022.11.06-16.37.32:276][  0]LogConfig: Setting CVar [[grass.DensityScale:1.0]]
[2022.11.06-16.37.32:276][  0]LogConfig: Applying CVar settings from Section [ShadingQuality@3] File [C:/Users/justi/Documents/GitHub/CS4361/MyProject3/Saved/Config/Windows/Scalability.ini]
[2022.11.06-16.37.32:276][  0]LogConfig: Setting CVar [[r.HairStrands.SkyLighting.IntegrationType:2]]
[2022.11.06-16.37.32:276][  0]LogConfig: Setting CVar [[r.HairStrands.SkyAO.SampleCount:4]]
[2022.11.06-16.37.32:276][  0]LogConfig: Setting CVar [[r.HairStrands.Visibility.MSAA.SamplePerPixel:4]]
[2022.11.06-16.37.32:276][  0]LogConfig: Applying CVar settings from Section [Startup] File [../../../Engine/Config/ConsoleVariables.ini]
[2022.11.06-16.37.32:277][  0]LogConfig: Setting CVar [[net.UseAdaptiveNetUpdateFrequency:0]]
[2022.11.06-16.37.32:277][  0]LogConfig: Setting CVar [[p.chaos.AllowCreatePhysxBodies:1]]
[2022.11.06-16.37.32:277][  0]LogConfig: Setting CVar [[fx.SkipVectorVMBackendOptimizations:1]]
[2022.11.06-16.37.32:277][  0]LogConfig: Applying CVar settings from Section [ConsoleVariables] File [C:/Users/justi/Documents/GitHub/CS4361/MyProject3/Saved/Config/Windows/Engine.ini]
[2022.11.06-16.37.32:277][  0]LogConfig: Applying CVar settings from Section [ConsoleVariables] File [C:/Users/justi/Documents/GitHub/CS4361/MyProject3/Saved/Config/Windows/Editor.ini]
[2022.11.06-16.37.32:277][  0]LogInit: Computer: DESKTOP-3AB07J9
[2022.11.06-16.37.32:277][  0]LogInit: User: justi
[2022.11.06-16.37.32:277][  0]LogInit: CPU Page size=4096, Cores=8
[2022.11.06-16.37.32:277][  0]LogInit: High frequency timer resolution =10.000000 MHz
[2022.11.06-16.37.32:277][  0]LogMemory: Memory total: Physical=7.4GB (8GB approx)
[2022.11.06-16.37.32:277][  0]LogMemory: Platform Memory Stats for Windows
[2022.11.06-16.37.32:277][  0]LogMemory: Process Physical Memory: 144.71 MB used, 144.72 MB peak
[2022.11.06-16.37.32:277][  0]LogMemory: Process Virtual Memory: 128.94 MB used, 128.94 MB peak
[2022.11.06-16.37.32:277][  0]LogMemory: Physical Memory: 6454.31 MB used,  1095.85 MB free, 7550.16 MB total
[2022.11.06-16.37.32:277][  0]LogMemory: Virtual Memory: 134209912.00 MB used,  7818.98 MB free, 134217728.00 MB total
[2022.11.06-16.37.32:282][  0]LogWindows: WindowsPlatformFeatures enabled
[2022.11.06-16.37.32:304][  0]LogInit: Physics initialised using underlying interface: PhysX
[2022.11.06-16.37.32:305][  0]LogInit: Using OS detected language (en-US).
[2022.11.06-16.37.32:305][  0]LogInit: Using OS detected locale (en-US).
[2022.11.06-16.37.32:308][  0]LogTextLocalizationManager: No specific localization for 'en-US' exists, so the 'en' localization will be used.
[2022.11.06-16.37.32:508][  0]LogInit: Setting process to per monitor DPI aware
[2022.11.06-16.37.32:522][  0]LogWindowsTextInputMethodSystem: Display: IME system deactivated.
[2022.11.06-16.37.32:543][  0]LogSlate: New Slate User Created.  User Index 0, Is Virtual User: 0
[2022.11.06-16.37.32:543][  0]LogSlate: Slate User Registered.  User Index 0, Is Virtual User: 0
[2022.11.06-16.37.32:666][  0]LogD3D11RHI: Loaded GFSDK_Aftermath_Lib.x64.dll
[2022.11.06-16.37.32:669][  0]LogHMD: Failed to initialize OpenVR with code 110
[2022.11.06-16.37.32:669][  0]LogD3D11RHI: D3D11 min allowed feature level: 11_0
[2022.11.06-16.37.32:669][  0]LogD3D11RHI: D3D11 max allowed feature level: 11_0
[2022.11.06-16.37.32:669][  0]LogD3D11RHI: D3D11 adapters:
[2022.11.06-16.37.32:710][  0]LogD3D11RHI:    0. 'AMD Radeon(TM) Graphics' (Feature Level 11_0)
[2022.11.06-16.37.32:710][  0]LogD3D11RHI:       495/0/3775 MB DedicatedVideo/DedicatedSystem/SharedSystem, Outputs:1, VendorId:0x1002
[2022.11.06-16.37.32:712][  0]LogD3D11RHI:    1. 'Microsoft Basic Render Driver' (Feature Level 11_0)
[2022.11.06-16.37.32:712][  0]LogD3D11RHI:       0/0/3775 MB DedicatedVideo/DedicatedSystem/SharedSystem, Outputs:0, VendorId:0x1414
[2022.11.06-16.37.32:712][  0]LogD3D11RHI: Chosen D3D11 Adapter:
[2022.11.06-16.37.32:712][  0]LogD3D11RHI:     Description : AMD Radeon(TM) Graphics
[2022.11.06-16.37.32:712][  0]LogD3D11RHI:     VendorId    : 1002
[2022.11.06-16.37.32:712][  0]LogD3D11RHI:     DeviceId    : 1636
[2022.11.06-16.37.32:712][  0]LogD3D11RHI:     SubSysId    : 3f1a17aa
[2022.11.06-16.37.32:712][  0]LogD3D11RHI:     Revision    : 00c2
[2022.11.06-16.37.32:712][  0]LogD3D11RHI:     DedicatedVideoMemory : 520073216 bytes
[2022.11.06-16.37.32:712][  0]LogD3D11RHI:     DedicatedSystemMemory : 0 bytes
[2022.11.06-16.37.32:712][  0]LogD3D11RHI:     SharedSystemMemory : 3958460416 bytes
[2022.11.06-16.37.32:712][  0]LogD3D11RHI:     AdapterLuid : 0 57387
[2022.11.06-16.37.32:721][  0]LogD3D11RHI: Creating new Direct3DDevice
[2022.11.06-16.37.32:721][  0]LogD3D11RHI:     GPU DeviceId: 0x1636 (for the marketing name, search the web for "GPU Device Id")
[2022.11.06-16.37.32:721][  0]LogWindows: EnumDisplayDevices:
[2022.11.06-16.37.32:721][  0]LogWindows:    0. 'AMD Radeon(TM) Graphics' (P:1 D:1)
[2022.11.06-16.37.32:721][  0]LogWindows:    1. 'AMD Radeon(TM) Graphics' (P:0 D:0)
[2022.11.06-16.37.32:722][  0]LogWindows:    2. 'AMD Radeon(TM) Graphics' (P:0 D:0)
[2022.11.06-16.37.32:722][  0]LogWindows:    3. 'AMD Radeon(TM) Graphics' (P:0 D:0)
[2022.11.06-16.37.32:722][  0]LogWindows: DebugString: FoundDriverCount:4 
[2022.11.06-16.37.32:722][  0]LogD3D11RHI:     Adapter Name: AMD Radeon(TM) Graphics
[2022.11.06-16.37.32:722][  0]LogD3D11RHI:   Driver Version: Adrenalin 21.10.02 (internal:27.20.21002.112, unified:27.20.21002.112)
[2022.11.06-16.37.32:722][  0]LogD3D11RHI:      Driver Date: 4-13-2021
[2022.11.06-16.37.32:722][  0]LogRHI: Texture pool is 2690 MB (70% of 3843 MB)
[2022.11.06-16.37.32:733][  0]LogD3D11RHI: Creating D3DDevice with AMD AGS, using adapter:
[2022.11.06-16.37.32:733][  0]LogD3D11RHI:     Description : AMD Radeon(TM) Graphics
[2022.11.06-16.37.32:733][  0]LogD3D11RHI:     VendorId    : 1002
[2022.11.06-16.37.32:733][  0]LogD3D11RHI:     DeviceId    : 1636
[2022.11.06-16.37.32:733][  0]LogD3D11RHI:     SubSysId    : 3f1a17aa
[2022.11.06-16.37.32:733][  0]LogD3D11RHI:     Revision    : 00c2
[2022.11.06-16.37.32:733][  0]LogD3D11RHI:     DedicatedVideoMemory : 520073216 bytes
[2022.11.06-16.37.32:733][  0]LogD3D11RHI:     DedicatedSystemMemory : 0 bytes
[2022.11.06-16.37.32:733][  0]LogD3D11RHI:     SharedSystemMemory : 3958460416 bytes
[2022.11.06-16.37.32:733][  0]LogD3D11RHI:     AdapterLuid : 0 57387
[2022.11.06-16.37.32:767][  0]LogD3D11RHI: Created device via AGS, feature level 11_0, supported extensions 1fffffbf.
[2022.11.06-16.37.32:767][  0]LogD3D11RHI: RHI has support for 64 bit atomics
[2022.11.06-16.37.32:767][  0]LogD3D11RHI: Async texture creation enabled
[2022.11.06-16.37.32:767][  0]LogD3D11RHI: Array index from any shader is supported
[2022.11.06-16.37.32:780][  0]LogD3D11RHI: GPU Timing Frequency: 100.000000 (Debug: 2 1)
[2022.11.06-16.37.33:045][  0]LogTargetPlatformManager: Display: Loaded TargetPlatform 'AllDesktop'
[2022.11.06-16.37.33:068][  0]LogTargetPlatformManager: Display: Loaded TargetPlatform 'Android'
[2022.11.06-16.37.33:068][  0]LogTargetPlatformManager: Display: Loaded TargetPlatform 'Android_ASTC'
[2022.11.06-16.37.33:068][  0]LogTargetPlatformManager: Display: Loaded TargetPlatform 'Android_DXT'
[2022.11.06-16.37.33:068][  0]LogTargetPlatformManager: Display: Loaded TargetPlatform 'Android_ETC2'
[2022.11.06-16.37.33:068][  0]LogTargetPlatformManager: Display: Loaded TargetPlatform 'AndroidClient'
[2022.11.06-16.37.33:068][  0]LogTargetPlatformManager: Display: Loaded TargetPlatform 'Android_ASTCClient'
[2022.11.06-16.37.33:068][  0]LogTargetPlatformManager: Display: Loaded TargetPlatform 'Android_DXTClient'
[2022.11.06-16.37.33:068][  0]LogTargetPlatformManager: Display: Loaded TargetPlatform 'Android_ETC2Client'
[2022.11.06-16.37.33:068][  0]LogTargetPlatformManager: Display: Loaded TargetPlatform 'Android_Multi'
[2022.11.06-16.37.33:068][  0]LogTargetPlatformManager: Display: Loaded TargetPlatform 'Android_MultiClient'
[2022.11.06-16.37.33:085][  0]LogTargetPlatformManager: Display: Loaded TargetPlatform 'IOSClient'
[2022.11.06-16.37.33:085][  0]LogTargetPlatformManager: Display: Loaded TargetPlatform 'IOS'
[2022.11.06-16.37.33:094][  0]LogTargetPlatformManager: Display: Loaded TargetPlatform 'Linux'
[2022.11.06-16.37.33:099][  0]LogTargetPlatformManager: Display: Loaded TargetPlatform 'LinuxNoEditor'
[2022.11.06-16.37.33:103][  0]LogTargetPlatformManager: Display: Loaded TargetPlatform 'LinuxClient'
[2022.11.06-16.37.33:107][  0]LogTargetPlatformManager: Display: Loaded TargetPlatform 'LinuxServer'
[2022.11.06-16.37.33:117][  0]LogTargetPlatformManager: Display: Loaded TargetPlatform 'LinuxAArch64NoEditor'
[2022.11.06-16.37.33:121][  0]LogTargetPlatformManager: Display: Loaded TargetPlatform 'LinuxAArch64Client'
[2022.11.06-16.37.33:125][  0]LogTargetPlatformManager: Display: Loaded TargetPlatform 'LinuxAArch64Server'
[2022.11.06-16.37.33:149][  0]LogTargetPlatformManager: Display: Loaded TargetPlatform 'Lumin'
[2022.11.06-16.37.33:149][  0]LogTargetPlatformManager: Display: Loaded TargetPlatform 'LuminClient'
[2022.11.06-16.37.33:157][  0]LogTargetPlatformManager: Display: Loaded TargetPlatform 'MacNoEditor'
[2022.11.06-16.37.33:162][  0]LogTargetPlatformManager: Display: Loaded TargetPlatform 'Mac'
[2022.11.06-16.37.33:167][  0]LogTargetPlatformManager: Display: Loaded TargetPlatform 'MacClient'
[2022.11.06-16.37.33:171][  0]LogTargetPlatformManager: Display: Loaded TargetPlatform 'MacServer'
[2022.11.06-16.37.33:182][  0]LogTargetPlatformManager: Display: Loaded TargetPlatform 'TVOSClient'
[2022.11.06-16.37.33:183][  0]LogTargetPlatformManager: Display: Loaded TargetPlatform 'TVOS'
[2022.11.06-16.37.33:192][  0]LogTargetPlatformManager: Display: Loaded TargetPlatform 'WindowsNoEditor'
[2022.11.06-16.37.33:196][  0]LogTargetPlatformManager: Display: Loaded TargetPlatform 'Windows'
[2022.11.06-16.37.33:201][  0]LogTargetPlatformManager: Display: Loaded TargetPlatform 'WindowsClient'
[2022.11.06-16.37.33:205][  0]LogTargetPlatformManager: Display: Loaded TargetPlatform 'WindowsServer'
[2022.11.06-16.37.33:205][  0]LogTargetPlatformManager: Display: Building Assets For Windows
[2022.11.06-16.37.33:213][  0]LogAudioDebug: Display: Lib vorbis DLL was dynamically loaded.
[2022.11.06-16.37.33:245][  0]LogTextureFormatOodle: Display: Oodle Texture 2.9.0 init RDO Off
[2022.11.06-16.37.33:274][  0]LogRendererCore: Ray tracing is disabled. Reason: r.RayTracing=0.
[2022.11.06-16.37.33:275][  0]LogShaderCompilers: Guid format shader working directory is -4 characters bigger than the processId version (../../../../../Documents/GitHub/CS4361/MyProject3/Intermediate/Shaders/WorkingDirectory/26704/).
[2022.11.06-16.37.33:275][  0]LogShaderCompilers: Cleaned the shader compiler working directory 'C:/Users/justi/AppData/Local/Temp/UnrealShaderWorkingDir/DC52FE3B4B516B5CE0D6C39742B5D583/'.
[2022.11.06-16.37.33:275][  0]LogXGEController: Cannot use XGE Controller as Incredibuild is not installed on this machine.
[2022.11.06-16.37.33:275][  0]LogShaderCompilers: Cannot use XGE Shader Compiler as Incredibuild is not installed on this machine.
[2022.11.06-16.37.33:275][  0]LogShaderCompilers: Display: Using Local Shader Compiler.
[2022.11.06-16.37.33:889][  0]LogDerivedDataCache: Display: Max Cache Size: 512 MB
[2022.11.06-16.37.33:956][  0]LogDerivedDataCache: Loaded boot cache 0.07s 94MB C:/Users/justi/AppData/Local/UnrealEngine/4.27/DerivedDataCache/Boot.ddc.
[2022.11.06-16.37.33:956][  0]LogDerivedDataCache: Display: Loaded Boot cache: C:/Users/justi/AppData/Local/UnrealEngine/4.27/DerivedDataCache/Boot.ddc
[2022.11.06-16.37.33:956][  0]LogDerivedDataCache: FDerivedDataBackendGraph:  Pak pak cache file ../../../../../Documents/GitHub/CS4361/MyProject3/DerivedDataCache/DDC.ddp not found, will not use a pak cache.
[2022.11.06-16.37.33:956][  0]LogDerivedDataCache: Unable to find inner node Pak for hierarchical cache Hierarchy.
[2022.11.06-16.37.33:956][  0]LogDerivedDataCache: FDerivedDataBackendGraph:  CompressedPak pak cache file ../../../../../Documents/GitHub/CS4361/MyProject3/DerivedDataCache/Compressed.ddp not found, will not use a pak cache.
[2022.11.06-16.37.33:956][  0]LogDerivedDataCache: Unable to find inner node CompressedPak for hierarchical cache Hierarchy.
[2022.11.06-16.37.33:974][  0]LogDerivedDataCache: Display: Pak cache opened for reading ../../../Engine/DerivedDataCache/Compressed.ddp.
[2022.11.06-16.37.33:974][  0]LogDerivedDataCache: FDerivedDataBackendGraph:  EnterprisePak pak cache file ../../../Enterprise/DerivedDataCache/Compressed.ddp not found, will not use a pak cache.
[2022.11.06-16.37.33:974][  0]LogDerivedDataCache: Unable to find inner node EnterprisePak for hierarchical cache Hierarchy.
[2022.11.06-16.37.33:985][  0]LogDerivedDataCache: Speed tests for C:/Users/justi/AppData/Local/UnrealEngine/Common/DerivedDataCache took 0.01 seconds
[2022.11.06-16.37.33:985][  0]LogDerivedDataCache: Display: Performance to C:/Users/justi/AppData/Local/UnrealEngine/Common/DerivedDataCache: Latency=0.03ms. RandomReadSpeed=303.51MBs, RandomWriteSpeed=124.18MBs. Assigned SpeedClass 'Local'
[2022.11.06-16.37.33:987][  0]LogDerivedDataCache: Using Local data cache path C:/Users/justi/AppData/Local/UnrealEngine/Common/DerivedDataCache: Writable
[2022.11.06-16.37.33:987][  0]LogDerivedDataCache: Shared data cache path not found in *engine.ini, will not use an Shared cache.
[2022.11.06-16.37.33:987][  0]LogDerivedDataCache: Unable to find inner node Shared for hierarchical cache Hierarchy.
[2022.11.06-16.37.34:029][  0]LogSlate: Using FreeType 2.10.0
[2022.11.06-16.37.34:030][  0]LogSlate: SlateFontServices - WITH_FREETYPE: 1, WITH_HARFBUZZ: 1
[2022.11.06-16.37.34:054][  0]LogAssetRegistry: FAssetRegistry took 0.0038 seconds to start up
[2022.11.06-16.37.34:285][  0]LogInit: Selected Device Profile: [Windows]
[2022.11.06-16.37.34:285][  0]LogInit: Active device profile: [000001A850BD4D00][000001A84707C940 49] Windows
[2022.11.06-16.37.34:285][  0]LogInit: Profiles: [000001A850BD4D00][000001A84707C940 49] Windows, [000001A850B9A300][000001A847084AC0 49] WindowsNoEditor, [000001A850BD5C00][000001A847088C40 49] WindowsServer, [000001A850B9B100][000001A84708CDC0 49] WindowsClient, [000001A850BD6900][000001A847090F40 49] IOS, [000001A850B99A00][000001A8470950C0 49] iPadAir, [000001A850BD7E00][000001A847099240 49] iPadAir2, [000001A850B3D100][000001A8470A1500 49] IPadPro, [000001A850B3D200][000001A84709D540 49] iPadAir3, [000001A850B98C00][000001A8470A56C0 49] iPadAir4, [000001A850B3DE00][000001A8470A9840 49] iPadMini2, [000001A850B9B300][000001A8503C19C0 49] iPadMini3, [000001A850B3F900][000001A8503C5B40 49] iPadMini4, [000001A850B99000][000001A8503C8140 49] iPadMini5, [000001A850B68900][000001A8503D0400 49] iPhone6, [000001A850B68A00][000001A8503CC440 49] iPodTouch6, [000001A850BD6E00][000001A8503D8700 49] iPhone7, [000001A850BD6F00][000001A8503D4740 49] iPodTouch7, [000001A850B3FE00][000001A847080880 49] iPhone5S, [000001A850BD4F00][000001A8503DC9C0 49] iPhone6Plus, [000001A850B68100][000001A8503E0B00 49] iPhone6S, [000001A850B3C300][000001A8503E8C80 49] iPhone6SPlus, [000001A850B6A800][000001A8503ECE00 49] iPhone7Plus, [000001A850B3E400][000001A8503F0F80 49] iPhoneSE, [000001A850B6A600][000001A8503F5100 49] iPhone8, [000001A850B3C400][000001A8503F9280 49] iPhone8Plus, [000001A850B6B100][000001A8503FD400 49] iPhoneX, [000001A850BD5400][000001A850401580 49] iPhoneXS, [000001A850B6AB00][000001A850405700 49] iPhoneXSMax, [000001A850BD4700][000001A850409880 49] iPhoneXR, [000001A850B68800][000001A85040DA00 49] iPhone11, [000001A850BD5100][000001A850411B80 49] iPhone11Pro, [000001A850B69A00][000001A850414180 49] iPhone11ProMax, [000001A850BD7700][000001A850418300 49] iPhoneSE2, [000001A850B6B800][000001A85041C480 49] iPhone12Mini, [000001A850BD6300][000001A850420600 49] iPhone12, [000001A850B6B200][000001A850424780 49] iPhone12Pro, [000001A850BD5300][000001A850428900 49] iPhone12ProMax, [000001A850B69500][000001A8503E4A40 49] iPadPro105, [000001A850BD4A00][000001A85042CB80 49] iPadPro129, [000001A850B6BD00][000001A850430CC0 49] iPadPro97, [000001A850BD6A00][000001A850438E40 49] iPadPro2_129, [000001A850B6A900][000001A85043CFC0 49] iPad5, [000001A850BD5E00][000001A85160F140 49] iPad6, [000001A850B69300][000001A8516132C0 49] iPad7, [000001A850BD4200][000001A851617440 49] iPad8, [000001A850B68400][000001A85161B5C0 49] iPadPro11, [000001A850BD5A00][000001A85161F740 49] iPadPro2_11, [000001A850B69600][000001A8516238C0 49] iPadPro3_129, [000001A850BD6700][000001A851627A40 49] iPadPro4_129, [000001A850B68200][000001A85162BBC0 49] AppleTV, [000001A850BD4900][000001A85162E1C0 49] AppleTV4K, [000001A850B69D00][000001A851632340 49] TVOS, [000001A850BD6D00][000001A8516364C0 49] Mac, [000001A850B6B600][000001A85163A640 49] MacClient, [000001A850BD7900][000001A85163E7C0 49] MacNoEditor, [000001A850B6B500][000001A851642940 49] MacServer, [000001A850BD5200][000001A851646AC0 49] Linux, [000001A850B69C00][000001A850434C00 49] LinuxAArch64, [000001A850BD7C00][000001A85164AD40 49] LinuxNoEditor, [000001A850B6A300][000001A85164EE80 49] LinuxAArch64NoEditor, [000001A850BD5B00][000001A851652FC0 49] LinuxClient, [000001A850B6A500][000001A85165B140 49] LinuxAArch64Client, [000001A850BD4E00][000001A85165F2C0 49] LinuxServer, [000001A850B6B900][000001A851663440 49] LinuxAArch64Server, [000001A850BD7500][000001A8516675C0 49] Android, [000001A850B69E00][000001A85166B740 49] Android_Low, [000001A850BD5F00][000001A85166F8C0 49] Android_Mid, [000001A850B6A200][000001A851673A40 49] Android_High, [000001A850BD7F00][000001A851677BC0 49] Android_Default, [000001A850B6A000][000001A85167A1C0 49] Android_Adreno4xx, [000001A850BD7D00][000001A85167E340 49] Android_Adreno5xx_Low, [000001A850B6AA00][000001A8516824C0 49] Android_Adreno5xx, [000001A850BD7800][000001A851686640 49] Android_Adreno6xx, [000001A850B98500][000001A85168A7C0 49] Android_Adreno6xx_Vulkan, [000001A850B3D400][000001A85168E940 49] Android_Mali_T6xx, [000001A850B99100][000001A851692AC0 49] Android_Mali_T7xx, [000001A850B3ED00][000001A851696C40 49] Android_Mali_T8xx, [000001A850B9AF00][000001A851656D80 49] Android_Mali_G71, [000001A850B3F400][000001A85169AEC0 49] Android_Mali_G72, [000001A850B99700][000001A85169F000 49] Android_Mali_G72_Vulkan, [000001A850B3D300][000001A8516A3140 49] Android_Mali_G76, [000001A850B9BA00][000001A8516AB2C0 49] Android_Mali_G76_Vulkan, [000001A850B3EC00][000001A8516AF440 49] Android_Mali_G77, [000001A850B99500][000001A8516B35C0 49] Android_Mali_G77_Vulkan, [000001A850B3D800][000001A8516B7740 49] Android_Mali_G78, [000001A850B9A200][000001A8516BB8C0 49] Android_Mali_G78_Vulkan, [000001A850B3FD00][000001A8516BFA40 49] Android_Mali_G710, [000001A850B98300][000001A8516C3BC0 49] Android_Mali_G710_Vulkan, [000001A850B3C200][000001A8516C61C0 49] Android_Vulkan_SM5, [000001A850B98800][000001A8516CA340 49] Android_PowerVR_G6xxx, [000001A850B3E500][000001A8516CE4C0 49] Android_PowerVR_GT7xxx, [000001A850B98E00][000001A8516D2640 49] Android_PowerVR_GE8xxx, [000001A850B3D500][000001A8516D67C0 49] Android_PowerVR_GM9xxx, [000001A850B98D00][000001A8516DA940 49] Android_PowerVR_GM9xxx_Vulkan, [000001A850B3D900][000001A8516DEAC0 49] Android_TegraK1, [000001A850B98600][000001A8516E2C40 49] Android_Unknown_Vulkan, [000001A850B3F800][000001A8516E6DC0 49] Lumin, [000001A850B9A600][000001A8516EAF40 49] Lumin_Desktop, [000001A850B3FB00][000001A8516A7080 49] HoloLens, 
[2022.11.06-16.37.34:416][  0]LogMeshReduction: Using QuadricMeshReduction for automatic static mesh reduction
[2022.11.06-16.37.34:416][  0]LogMeshReduction: Using SimplygonMeshReduction for automatic skeletal mesh reduction
[2022.11.06-16.37.34:416][  0]LogMeshReduction: Using ProxyLODMeshReduction for automatic mesh merging
[2022.11.06-16.37.34:416][  0]LogMeshReduction: No distributed automatic mesh merging module available
[2022.11.06-16.37.34:416][  0]LogMeshMerging: No distributed automatic mesh merging module available
[2022.11.06-16.37.34:434][  0]LogNetVersion: MyProject3 1.0.0, NetCL: 17155196, EngineNetVer: 17, GameNetVer: 0 (Checksum: 3986482189)
[2022.11.06-16.37.34:842][  0]LogTexture: Default maximum texture size for cubemaps generated from long-lat sources has been changed from 512 to unlimited. In order to preserve old behaiour for '/Engine/MapTemplates/Sky/DaylightAmbientCubemap.DaylightAmbientCubemap', its maximum texture size has been explicitly set to 512.
[2022.11.06-16.37.34:906][  0]LogHMD: PokeAHoleMaterial loaded successfully
[2022.11.06-16.37.34:914][  0]LogUObjectArray: 17178 objects as part of root set at end of initial load.
[2022.11.06-16.37.34:914][  0]LogUObjectAllocator: 4302048 out of 0 bytes used by permanent object pool.
[2022.11.06-16.37.34:914][  0]LogUObjectArray: CloseDisregardForGC: 0/0 objects in disregard for GC pool
[2022.11.06-16.37.35:341][  0]LogUdpMessaging: Initializing bridge on interface 0.0.0.0:0 to multicast group 230.0.0.1:6666.
[2022.11.06-16.37.35:350][  0]LogTcpMessaging: Initializing TcpMessaging bridge
[2022.11.06-16.37.35:378][  0]LogNiagaraDebuggerClient: Niagara Debugger Client Initialized | Session: 960B9C6A4D0EF0ABE57B3DBD8B0C4297 | Instance: 3F943DCD4137461BE6D106B66A12F263 (DESKTOP-3AB07J9-26704).
[2022.11.06-16.37.35:484][  0]LogPython: Using Python 3.7.7
[2022.11.06-16.37.36:094][  0]SourceControl: Source control is disabled
[2022.11.06-16.37.36:527][  0]LogUProjectInfo: Found projects:
[2022.11.06-16.37.36:683][  0]LogAndroidPermission: UAndroidPermissionCallbackProxy::GetInstance
[2022.11.06-16.37.36:717][  0]LogAudioCaptureCore: Display: No Audio Capture implementations found. Audio input will be silent.
[2022.11.06-16.37.36:718][  0]LogAudioCaptureCore: Display: No Audio Capture implementations found. Audio input will be silent.
[2022.11.06-16.37.37:032][  0]LogOpenImageDenoise: OIDN starting up
[2022.11.06-16.37.37:042][  0]LogCollectionManager: Loaded 0 collections in 0.001700 seconds
[2022.11.06-16.37.37:070][  0]LogFileCache: Scanning file cache for directory 'C:/Users/justi/Documents/GitHub/CS4361/MyProject3/Saved/Collections/' took 0.00s
[2022.11.06-16.37.37:070][  0]LogFileCache: Scanning file cache for directory 'C:/Users/justi/Documents/GitHub/CS4361/MyProject3/Content/Developers/justi/Collections/' took 0.00s
[2022.11.06-16.37.37:070][  0]LogFileCache: Scanning file cache for directory 'C:/Users/justi/Documents/GitHub/CS4361/MyProject3/Content/Collections/' took 0.00s
[2022.11.06-16.37.37:070][  0]LogOcInput: OculusInput pre-init called
[2022.11.06-16.37.37:296][  0]LogEngine: Initializing Engine...
[2022.11.06-16.37.37:305][  0]LogHMD: Failed to enumerate extensions. Please check that you have a valid OpenXR runtime installed.
[2022.11.06-16.37.37:305][  0]LogHMD: Failed to initialize OpenVR with code 110
[2022.11.06-16.37.37:306][  0]LogMagicLeap: Warning: VR disabled because ZI is not enabled.  To enable, in the editor, Edit -> Project Settings -> Plugins -> Magic Leap Plugin -> Enable Zero Iteration
[2022.11.06-16.37.37:307][  0]LogStats: UGameplayTagsManager::InitializeManager -  0.000 s
[2022.11.06-16.37.37:438][  0]LogInit: Initializing FReadOnlyCVARCache
[2022.11.06-16.37.37:449][  0]LogAIModule: Creating AISystem for world Untitled
[2022.11.06-16.37.37:460][  0]LogAudio: Display: Initializing Audio Device Manager...
[2022.11.06-16.37.37:464][  0]LogAudio: Display: Loading Default Audio Settings Objects...
[2022.11.06-16.37.37:465][  0]LogAudio: Display: No default SoundConcurrencyObject specified (or failed to load).
[2022.11.06-16.37.37:465][  0]LogAudio: Display: Audio Device Manager Initialized
[2022.11.06-16.37.37:465][  0]LogAudio: Display: Creating Audio Device:                 Id: 1, Scope: Shared, Realtime: True
[2022.11.06-16.37.37:465][  0]LogAudioMixer: Display: Audio Mixer Platform Settings:
[2022.11.06-16.37.37:465][  0]LogAudioMixer: Display: 	Sample Rate:						  48000
[2022.11.06-16.37.37:465][  0]LogAudioMixer: Display: 	Callback Buffer Frame Size Requested: 1024
[2022.11.06-16.37.37:466][  0]LogAudioMixer: Display: 	Callback Buffer Frame Size To Use:	  1024
[2022.11.06-16.37.37:466][  0]LogAudioMixer: Display: 	Number of buffers to queue:			  2
[2022.11.06-16.37.37:466][  0]LogAudioMixer: Display: 	Max Channels (voices):				  32
[2022.11.06-16.37.37:466][  0]LogAudioMixer: Display: 	Number of Async Source Workers:		  0
[2022.11.06-16.37.37:466][  0]LogAudio: Display: AudioDevice MaxSources: 32
[2022.11.06-16.37.37:466][  0]LogAudio: Display: Audio Spatialization Plugin: None (built-in).
[2022.11.06-16.37.37:466][  0]LogAudio: Display: Audio Reverb Plugin: None (built-in).
[2022.11.06-16.37.37:466][  0]LogAudio: Display: Audio Occlusion Plugin: None (built-in).
[2022.11.06-16.37.37:466][  0]LogAudioMixer: Display: Initializing audio mixer.
[2022.11.06-16.37.37:479][  0]LogAudioMixer: Display: 0: FrontLeft
[2022.11.06-16.37.37:479][  0]LogAudioMixer: Display: 1: FrontRight
[2022.11.06-16.37.37:509][  0]LogAudioMixer: Display: Using Audio Device 1 - LEN S24q-10 (AMD High Definition Audio Device)
[2022.11.06-16.37.37:511][  0]LogAudioMixer: Display: Initializing Sound Submixes...
[2022.11.06-16.37.37:515][  0]LogAudioMixer: Display: Creating Master Submix 'MasterSubmixDefault'
[2022.11.06-16.37.37:515][  0]LogAudioMixer: Display: Creating Master Submix 'MasterReverbSubmixDefault'
[2022.11.06-16.37.37:516][  0]LogAudioMixer: Display: Creating Master Submix 'MasterEQSubmixDefault'
[2022.11.06-16.37.37:516][  0]LogAudioMixer: FMixerPlatformXAudio2::StartAudioStream() called
[2022.11.06-16.37.37:516][  0]LogAudioMixer: Display: Output buffers initialized: Frames=1024, Channels=2, Samples=2048
[2022.11.06-16.37.37:517][  0]LogAudioMixer: Display: Starting AudioMixerPlatformInterface::RunInternal()
[2022.11.06-16.37.37:517][  0]LogAudioMixer: Display: FMixerPlatformXAudio2::SubmitBuffer() called for the first time
[2022.11.06-16.37.37:517][  0]LogInit: FAudioDevice initialized.
[2022.11.06-16.37.37:517][  0]LogAudio: Display: Audio Device (ID: 1) registered with world 'Untitled'.
[2022.11.06-16.37.37:517][  0]LogNetVersion: Set ProjectVersion to 1.0.0.0. Version Checksum will be recalculated on next use.
[2022.11.06-16.37.37:576][  0]LogDerivedDataCache: Saved boot cache 0.06s 94MB C:/Users/justi/AppData/Local/UnrealEngine/4.27/DerivedDataCache/Boot.ddc.
[2022.11.06-16.37.37:576][  0]LogInit: Texture streaming: Enabled
[2022.11.06-16.37.37:591][  0]LogAnalytics: Display: [UEEditor.Rocket.Release] APIServer = https://datarouter.ol.epicgames.com/. AppVersion = 4.27.2-18319896+++UE4+Release-4.27
[2022.11.06-16.37.37:595][  0]LogEngineSessionManager: EngineSessionManager initialized
[2022.11.06-16.37.37:595][  0]LogEditorSessionSummary: Verbose: Initializing EditorSessionSummaryWriter for editor session tracking
[2022.11.06-16.37.37:596][  0]LogEditorSessionSummary: EditorSessionSummaryWriter initialized
[2022.11.06-16.37.37:630][  0]LogInit: Transaction tracking system initialized
[2022.11.06-16.37.37:662][  0]BlueprintLog: New page: Editor Load
[2022.11.06-16.37.37:750][  0]LocalizationService: Localization service is disabled
[2022.11.06-16.37.37:783][  0]TimingProfiler: Initialize
[2022.11.06-16.37.37:783][  0]TimingProfiler: OnSessionChanged
[2022.11.06-16.37.37:783][  0]LoadingProfiler: Initialize
[2022.11.06-16.37.37:783][  0]LoadingProfiler: OnSessionChanged
[2022.11.06-16.37.37:783][  0]NetworkingProfiler: Initialize
[2022.11.06-16.37.37:783][  0]NetworkingProfiler: OnSessionChanged
[2022.11.06-16.37.37:783][  0]MemoryProfiler: Initialize
[2022.11.06-16.37.37:783][  0]MemoryProfiler: OnSessionChanged
[2022.11.06-16.37.37:962][  0]LogCook: Display: CookSettings for Memory: MemoryMaxUsedVirtual 0MiB, MemoryMaxUsedPhysical 16384MiB, MemoryMinFreeVirtual 0MiB, MemoryMinFreePhysical 1024MiB
[2022.11.06-16.37.37:962][  0]LogCook: Display: Mobile HDR setting 1
[2022.11.06-16.37.38:180][  0]LogFileCache: Scanning file cache for directory 'C:/Users/justi/Documents/GitHub/CS4361/MyProject3/Content/' took 0.01s
[2022.11.06-16.37.38:332][  0]LogInit: Display: Engine is initialized. Leaving FEngineLoop::Init()
[2022.11.06-16.37.38:335][  0]LogUnrealEdMisc: Loading editor; pre map load, took 7.212
[2022.11.06-16.37.38:335][  0]Cmd: MAP LOAD FILE="../../../../../Documents/GitHub/CS4361/MyProject3/Content/StarterContent/Maps/Minimal_Default.umap" TEMPLATE=0 SHOWPROGRESS=1 FEATURELEVEL=3
[2022.11.06-16.37.38:335][  0]LightingResults: New page: Lighting Build
[2022.11.06-16.37.38:337][  0]LogWorld: UWorld::CleanupWorld for Untitled, bSessionEnded=true, bCleanupResources=true
[2022.11.06-16.37.38:337][  0]LogSlate: InvalidateAllWidgets triggered.  All widgets were invalidated
[2022.11.06-16.37.38:338][  0]MapCheck: New page: Map Check
[2022.11.06-16.37.38:338][  0]LightingResults: New page: Lighting Build
[2022.11.06-16.37.38:342][  0]LogAudio: Display: Audio Device unregistered from world 'None'.
[2022.11.06-16.37.38:345][  0]LogUObjectHash: Compacting FUObjectHashTables data took   1.13ms
[2022.11.06-16.37.38:446][  0]LogLinker: Warning: [AssetLog] C:\Users\justi\Documents\GitHub\CS4361\MyProject3\Content\StarterContent\Maps\Minimal_Default.umap: Failed to load '/Game/Brushify/DistanceMeshes/Mars_04/Textures/T_Mars_04_Mat': Can't find file.
[2022.11.06-16.37.38:447][  0]LogLinker: Warning: [AssetLog] C:\Users\justi\Documents\GitHub\CS4361\MyProject3\Content\StarterContent\Maps\Minimal_Default.umap: Failed to load '/Game/Brushify/DistanceMeshes/Mars_04/Textures/T_Mars_04_Mat': Can't find file.
[2022.11.06-16.37.38:453][  0]LogLinker: Warning: [AssetLog] C:\Users\justi\Documents\GitHub\CS4361\MyProject3\Content\StarterContent\Maps\Minimal_Default.umap: Failed to load '/Game/Brushify/DistanceMeshes/Mars_04/Textures/T_Mars_04_Mat': Can't find file.
[2022.11.06-16.37.38:457][  0]LogLinker: Warning: Failed to load '/Game/Brushify/DistanceMeshes/Mars_04/Textures/T_Mars_04_Mat': Can't find file.
[2022.11.06-16.37.38:457][  0]LogLinker: Warning: Failed to load '/Game/Brushify/DistanceMeshes/Mars_04/Textures/T_Mars_04_Mat': Can't find file.
[2022.11.06-16.37.38:482][  0]LogLinker: Warning: [AssetLog] C:\Users\justi\Documents\GitHub\CS4361\MyProject3\Content\StarterContent\Maps\Minimal_Default.umap: Failed to load '/Game/Brushify/DistanceMeshes/Mars_04/Textures/T_Mars_04_Mat': Can't find file.
[2022.11.06-16.37.38:482][  0]LoadErrors: Failed to load /Game/Brushify/DistanceMeshes/Mars_04/Textures/T_Mars_04_Mat.T_Mars_04_Mat Referenced by StaticMeshComponent0
[2022.11.06-16.37.38:516][  0]LogStaticMesh: Building static mesh Floor_400x400...
[2022.11.06-16.37.38:521][  0]LogStaticMesh: Built static mesh [0.01s] /Game/StarterContent/Architecture/Floor_400x400.Floor_400x400
[2022.11.06-16.37.38:572][  0]LogAudio: Display: Audio Device (ID: 1) registered with world 'Minimal_Default'.
[2022.11.06-16.37.38:573][  0]LogAIModule: Creating AISystem for world Minimal_Default
[2022.11.06-16.37.38:594][  0]LogEditorServer: Finished looking for orphan Actors (0.000 secs)
[2022.11.06-16.37.38:605][  0]LogUObjectHash: Compacting FUObjectHashTables data took   0.92ms
[2022.11.06-16.37.38:606][  0]Cmd: MAP CHECKDEP NOCLEARLOG
[2022.11.06-16.37.38:606][  0]MapCheck: Map check complete: 0 Error(s), 0 Warning(s), took 0.263ms to complete.
[2022.11.06-16.37.38:606][  0]LogFileHelpers: Loading map 'Minimal_Default' took 0.271
[2022.11.06-16.37.38:608][  0]LogUnrealEdMisc: Total Editor Startup Time, took 7.486
[2022.11.06-16.37.38:783][  0]LogSlate: Updating window title bar state: overlay mode, drag disabled, window buttons hidden, title bar hidden
[2022.11.06-16.37.38:790][  0]LogSlate: Updating window title bar state: overlay mode, drag disabled, window buttons hidden, title bar hidden
[2022.11.06-16.37.38:797][  0]LogSlate: Updating window title bar state: overlay mode, drag disabled, window buttons hidden, title bar hidden
[2022.11.06-16.37.38:803][  0]LogSlate: Updating window title bar state: overlay mode, drag disabled, window buttons hidden, title bar hidden
[2022.11.06-16.37.38:837][  0]LogNativeClassHierarchy: Verbose: Native class hierarchy populated in 0.0106 seconds. Added 3822 classes and 928 folders.
[2022.11.06-16.37.38:846][  0]LogNativeClassHierarchy: Verbose: Native class hierarchy updated for 'WidgetCarousel' in 0.0003 seconds. Added 0 classes and 0 folders.
[2022.11.06-16.37.38:851][  0]LogPakFile: PakFile PrimaryIndexSize=187
[2022.11.06-16.37.38:851][  0]LogPakFile: PakFile PathHashIndexSize=101
[2022.11.06-16.37.38:851][  0]LogPakFile: PakFile FullDirectoryIndexSize=148
[2022.11.06-16.37.38:852][  0]LogShaderLibrary: Display: ShaderCodeLibraryPakFileMountedCallback: PakFile 'C:/Users/justi/Games/UE_4.27/FeaturePacks/FP_FirstPerson.upack' (chunk index -1, root 'root:/') mounted
[2022.11.06-16.37.38:852][  0]LogShaderLibrary: Display: ShaderCodeLibraryPakFileMountedCallback: pending pak file info (ChunkID:-1 Root:root:/ File:C:/Users/justi/Games/UE_4.27/FeaturePacks/FP_FirstPerson.upack)
[2022.11.06-16.37.38:852][  0]LogPakFile: OnPakFileMounted2Time == 0.001049
[2022.11.06-16.37.38:855][  0]LogPakFile: PakFile PrimaryIndexSize=189
[2022.11.06-16.37.38:855][  0]LogPakFile: PakFile PathHashIndexSize=101
[2022.11.06-16.37.38:855][  0]LogPakFile: PakFile FullDirectoryIndexSize=152
[2022.11.06-16.37.38:855][  0]LogShaderLibrary: Display: ShaderCodeLibraryPakFileMountedCallback: PakFile 'C:/Users/justi/Games/UE_4.27/FeaturePacks/FP_FirstPersonBP.upack' (chunk index -1, root 'root:/') mounted
[2022.11.06-16.37.38:855][  0]LogShaderLibrary: Display: ShaderCodeLibraryPakFileMountedCallback: pending pak file info (ChunkID:-1 Root:root:/ File:C:/Users/justi/Games/UE_4.27/FeaturePacks/FP_FirstPersonBP.upack)
[2022.11.06-16.37.38:855][  0]LogPakFile: OnPakFileMounted2Time == 0.000049
[2022.11.06-16.37.38:856][  0]LogPakFile: PakFile PrimaryIndexSize=191
[2022.11.06-16.37.38:857][  0]LogPakFile: PakFile PathHashIndexSize=101
[2022.11.06-16.37.38:857][  0]LogPakFile: PakFile FullDirectoryIndexSize=160
[2022.11.06-16.37.38:857][  0]LogShaderLibrary: Display: ShaderCodeLibraryPakFileMountedCallback: PakFile 'C:/Users/justi/Games/UE_4.27/FeaturePacks/MobileStarterContent.upack' (chunk index -1, root 'root:/') mounted
[2022.11.06-16.37.38:857][  0]LogShaderLibrary: Display: ShaderCodeLibraryPakFileMountedCallback: pending pak file info (ChunkID:-1 Root:root:/ File:C:/Users/justi/Games/UE_4.27/FeaturePacks/MobileStarterContent.upack)
[2022.11.06-16.37.38:857][  0]LogPakFile: OnPakFileMounted2Time == 0.000040
[2022.11.06-16.37.38:858][  0]LogPakFile: PakFile PrimaryIndexSize=185
[2022.11.06-16.37.38:858][  0]LogPakFile: PakFile PathHashIndexSize=101
[2022.11.06-16.37.38:858][  0]LogPakFile: PakFile FullDirectoryIndexSize=148
[2022.11.06-16.37.38:858][  0]LogShaderLibrary: Display: ShaderCodeLibraryPakFileMountedCallback: PakFile 'C:/Users/justi/Games/UE_4.27/FeaturePacks/StarterContent.upack' (chunk index -1, root 'root:/') mounted
[2022.11.06-16.37.38:858][  0]LogShaderLibrary: Display: ShaderCodeLibraryPakFileMountedCallback: pending pak file info (ChunkID:-1 Root:root:/ File:C:/Users/justi/Games/UE_4.27/FeaturePacks/StarterContent.upack)
[2022.11.06-16.37.38:858][  0]LogPakFile: OnPakFileMounted2Time == 0.000047
[2022.11.06-16.37.38:859][  0]LogPakFile: PakFile PrimaryIndexSize=190
[2022.11.06-16.37.38:859][  0]LogPakFile: PakFile PathHashIndexSize=101
[2022.11.06-16.37.38:859][  0]LogPakFile: PakFile FullDirectoryIndexSize=154
[2022.11.06-16.37.38:859][  0]LogShaderLibrary: Display: ShaderCodeLibraryPakFileMountedCallback: PakFile 'C:/Users/justi/Games/UE_4.27/FeaturePacks/TP_2DSideScroller.upack' (chunk index -1, root 'root:/') mounted
[2022.11.06-16.37.38:859][  0]LogShaderLibrary: Display: ShaderCodeLibraryPakFileMountedCallback: pending pak file info (ChunkID:-1 Root:root:/ File:C:/Users/justi/Games/UE_4.27/FeaturePacks/TP_2DSideScroller.upack)
[2022.11.06-16.37.38:859][  0]LogPakFile: OnPakFileMounted2Time == 0.000040
[2022.11.06-16.37.38:861][  0]LogPakFile: PakFile PrimaryIndexSize=192
[2022.11.06-16.37.38:861][  0]LogPakFile: PakFile PathHashIndexSize=101
[2022.11.06-16.37.38:861][  0]LogPakFile: PakFile FullDirectoryIndexSize=158
[2022.11.06-16.37.38:861][  0]LogShaderLibrary: Display: ShaderCodeLibraryPakFileMountedCallback: PakFile 'C:/Users/justi/Games/UE_4.27/FeaturePacks/TP_2DSideScrollerBP.upack' (chunk index -1, root 'root:/') mounted
[2022.11.06-16.37.38:861][  0]LogShaderLibrary: Display: ShaderCodeLibraryPakFileMountedCallback: pending pak file info (ChunkID:-1 Root:root:/ File:C:/Users/justi/Games/UE_4.27/FeaturePacks/TP_2DSideScrollerBP.upack)
[2022.11.06-16.37.38:861][  0]LogPakFile: OnPakFileMounted2Time == 0.000045
[2022.11.06-16.37.38:862][  0]LogPakFile: PakFile PrimaryIndexSize=182
[2022.11.06-16.37.38:862][  0]LogPakFile: PakFile PathHashIndexSize=101
[2022.11.06-16.37.38:863][  0]LogPakFile: PakFile FullDirectoryIndexSize=138
[2022.11.06-16.37.38:863][  0]LogShaderLibrary: Display: ShaderCodeLibraryPakFileMountedCallback: PakFile 'C:/Users/justi/Games/UE_4.27/FeaturePacks/TP_Flying.upack' (chunk index -1, root 'root:/') mounted
[2022.11.06-16.37.38:863][  0]LogShaderLibrary: Display: ShaderCodeLibraryPakFileMountedCallback: pending pak file info (ChunkID:-1 Root:root:/ File:C:/Users/justi/Games/UE_4.27/FeaturePacks/TP_Flying.upack)
[2022.11.06-16.37.38:863][  0]LogPakFile: OnPakFileMounted2Time == 0.000043
[2022.11.06-16.37.38:864][  0]LogPakFile: PakFile PrimaryIndexSize=184
[2022.11.06-16.37.38:864][  0]LogPakFile: PakFile PathHashIndexSize=101
[2022.11.06-16.37.38:864][  0]LogPakFile: PakFile FullDirectoryIndexSize=142
[2022.11.06-16.37.38:864][  0]LogShaderLibrary: Display: ShaderCodeLibraryPakFileMountedCallback: PakFile 'C:/Users/justi/Games/UE_4.27/FeaturePacks/TP_FlyingBP.upack' (chunk index -1, root 'root:/') mounted
[2022.11.06-16.37.38:864][  0]LogShaderLibrary: Display: ShaderCodeLibraryPakFileMountedCallback: pending pak file info (ChunkID:-1 Root:root:/ File:C:/Users/justi/Games/UE_4.27/FeaturePacks/TP_FlyingBP.upack)
[2022.11.06-16.37.38:864][  0]LogPakFile: OnPakFileMounted2Time == 0.000038
[2022.11.06-16.37.38:865][  0]LogPakFile: PakFile PrimaryIndexSize=188
[2022.11.06-16.37.38:865][  0]LogPakFile: PakFile PathHashIndexSize=101
[2022.11.06-16.37.38:865][  0]LogPakFile: PakFile FullDirectoryIndexSize=150
[2022.11.06-16.37.38:865][  0]LogShaderLibrary: Display: ShaderCodeLibraryPakFileMountedCallback: PakFile 'C:/Users/justi/Games/UE_4.27/FeaturePacks/TP_HandheldARBP.upack' (chunk index -1, root 'root:/') mounted
[2022.11.06-16.37.38:865][  0]LogShaderLibrary: Display: ShaderCodeLibraryPakFileMountedCallback: pending pak file info (ChunkID:-1 Root:root:/ File:C:/Users/justi/Games/UE_4.27/FeaturePacks/TP_HandheldARBP.upack)
[2022.11.06-16.37.38:865][  0]LogPakFile: OnPakFileMounted2Time == 0.000050
[2022.11.06-16.37.38:868][  0]LogPakFile: PakFile PrimaryIndexSize=182
[2022.11.06-16.37.38:868][  0]LogPakFile: PakFile PathHashIndexSize=101
[2022.11.06-16.37.38:868][  0]LogPakFile: PakFile FullDirectoryIndexSize=138
[2022.11.06-16.37.38:868][  0]LogShaderLibrary: Display: ShaderCodeLibraryPakFileMountedCallback: PakFile 'C:/Users/justi/Games/UE_4.27/FeaturePacks/TP_Puzzle.upack' (chunk index -1, root 'root:/') mounted
[2022.11.06-16.37.38:868][  0]LogShaderLibrary: Display: ShaderCodeLibraryPakFileMountedCallback: pending pak file info (ChunkID:-1 Root:root:/ File:C:/Users/justi/Games/UE_4.27/FeaturePacks/TP_Puzzle.upack)
[2022.11.06-16.37.38:868][  0]LogPakFile: OnPakFileMounted2Time == 0.000039
[2022.11.06-16.37.38:869][  0]LogPakFile: PakFile PrimaryIndexSize=184
[2022.11.06-16.37.38:869][  0]LogPakFile: PakFile PathHashIndexSize=101
[2022.11.06-16.37.38:869][  0]LogPakFile: PakFile FullDirectoryIndexSize=142
[2022.11.06-16.37.38:869][  0]LogShaderLibrary: Display: ShaderCodeLibraryPakFileMountedCallback: PakFile 'C:/Users/justi/Games/UE_4.27/FeaturePacks/TP_PuzzleBP.upack' (chunk index -1, root 'root:/') mounted
[2022.11.06-16.37.38:869][  0]LogShaderLibrary: Display: ShaderCodeLibraryPakFileMountedCallback: pending pak file info (ChunkID:-1 Root:root:/ File:C:/Users/justi/Games/UE_4.27/FeaturePacks/TP_PuzzleBP.upack)
[2022.11.06-16.37.38:869][  0]LogPakFile: OnPakFileMounted2Time == 0.000038
[2022.11.06-16.37.38:871][  0]LogPakFile: PakFile PrimaryIndexSize=183
[2022.11.06-16.37.38:871][  0]LogPakFile: PakFile PathHashIndexSize=101
[2022.11.06-16.37.38:871][  0]LogPakFile: PakFile FullDirectoryIndexSize=140
[2022.11.06-16.37.38:871][  0]LogShaderLibrary: Display: ShaderCodeLibraryPakFileMountedCallback: PakFile 'C:/Users/justi/Games/UE_4.27/FeaturePacks/TP_Rolling.upack' (chunk index -1, root 'root:/') mounted
[2022.11.06-16.37.38:871][  0]LogShaderLibrary: Display: ShaderCodeLibraryPakFileMountedCallback: pending pak file info (ChunkID:-1 Root:root:/ File:C:/Users/justi/Games/UE_4.27/FeaturePacks/TP_Rolling.upack)
[2022.11.06-16.37.38:871][  0]LogPakFile: OnPakFileMounted2Time == 0.000045
[2022.11.06-16.37.38:872][  0]LogPakFile: PakFile PrimaryIndexSize=185
[2022.11.06-16.37.38:872][  0]LogPakFile: PakFile PathHashIndexSize=101
[2022.11.06-16.37.38:872][  0]LogPakFile: PakFile FullDirectoryIndexSize=144
[2022.11.06-16.37.38:872][  0]LogShaderLibrary: Display: ShaderCodeLibraryPakFileMountedCallback: PakFile 'C:/Users/justi/Games/UE_4.27/FeaturePacks/TP_RollingBP.upack' (chunk index -1, root 'root:/') mounted
[2022.11.06-16.37.38:873][  0]LogShaderLibrary: Display: ShaderCodeLibraryPakFileMountedCallback: pending pak file info (ChunkID:-1 Root:root:/ File:C:/Users/justi/Games/UE_4.27/FeaturePacks/TP_RollingBP.upack)
[2022.11.06-16.37.38:873][  0]LogPakFile: OnPakFileMounted2Time == 0.000077
[2022.11.06-16.37.38:874][  0]LogPakFile: PakFile PrimaryIndexSize=188
[2022.11.06-16.37.38:874][  0]LogPakFile: PakFile PathHashIndexSize=101
[2022.11.06-16.37.38:874][  0]LogPakFile: PakFile FullDirectoryIndexSize=150
[2022.11.06-16.37.38:874][  0]LogShaderLibrary: Display: ShaderCodeLibraryPakFileMountedCallback: PakFile 'C:/Users/justi/Games/UE_4.27/FeaturePacks/TP_SideScroller.upack' (chunk index -1, root 'root:/') mounted
[2022.11.06-16.37.38:874][  0]LogShaderLibrary: Display: ShaderCodeLibraryPakFileMountedCallback: pending pak file info (ChunkID:-1 Root:root:/ File:C:/Users/justi/Games/UE_4.27/FeaturePacks/TP_SideScroller.upack)
[2022.11.06-16.37.38:874][  0]LogPakFile: OnPakFileMounted2Time == 0.000039
[2022.11.06-16.37.38:876][  0]LogPakFile: PakFile PrimaryIndexSize=190
[2022.11.06-16.37.38:876][  0]LogPakFile: PakFile PathHashIndexSize=101
[2022.11.06-16.37.38:876][  0]LogPakFile: PakFile FullDirectoryIndexSize=154
[2022.11.06-16.37.38:876][  0]LogShaderLibrary: Display: ShaderCodeLibraryPakFileMountedCallback: PakFile 'C:/Users/justi/Games/UE_4.27/FeaturePacks/TP_SideScrollerBP.upack' (chunk index -1, root 'root:/') mounted
[2022.11.06-16.37.38:876][  0]LogShaderLibrary: Display: ShaderCodeLibraryPakFileMountedCallback: pending pak file info (ChunkID:-1 Root:root:/ File:C:/Users/justi/Games/UE_4.27/FeaturePacks/TP_SideScrollerBP.upack)
[2022.11.06-16.37.38:876][  0]LogPakFile: OnPakFileMounted2Time == 0.000077
[2022.11.06-16.37.38:878][  0]LogPakFile: PakFile PrimaryIndexSize=187
[2022.11.06-16.37.38:878][  0]LogPakFile: PakFile PathHashIndexSize=101
[2022.11.06-16.37.38:878][  0]LogPakFile: PakFile FullDirectoryIndexSize=148
[2022.11.06-16.37.38:878][  0]LogShaderLibrary: Display: ShaderCodeLibraryPakFileMountedCallback: PakFile 'C:/Users/justi/Games/UE_4.27/FeaturePacks/TP_ThirdPerson.upack' (chunk index -1, root 'root:/') mounted
[2022.11.06-16.37.38:878][  0]LogShaderLibrary: Display: ShaderCodeLibraryPakFileMountedCallback: pending pak file info (ChunkID:-1 Root:root:/ File:C:/Users/justi/Games/UE_4.27/FeaturePacks/TP_ThirdPerson.upack)
[2022.11.06-16.37.38:878][  0]LogPakFile: OnPakFileMounted2Time == 0.000036
[2022.11.06-16.37.38:879][  0]LogPakFile: PakFile PrimaryIndexSize=189
[2022.11.06-16.37.38:879][  0]LogPakFile: PakFile PathHashIndexSize=101
[2022.11.06-16.37.38:879][  0]LogPakFile: PakFile FullDirectoryIndexSize=152
[2022.11.06-16.37.38:879][  0]LogShaderLibrary: Display: ShaderCodeLibraryPakFileMountedCallback: PakFile 'C:/Users/justi/Games/UE_4.27/FeaturePacks/TP_ThirdPersonBP.upack' (chunk index -1, root 'root:/') mounted
[2022.11.06-16.37.38:879][  0]LogShaderLibrary: Display: ShaderCodeLibraryPakFileMountedCallback: pending pak file info (ChunkID:-1 Root:root:/ File:C:/Users/justi/Games/UE_4.27/FeaturePacks/TP_ThirdPersonBP.upack)
[2022.11.06-16.37.38:879][  0]LogPakFile: OnPakFileMounted2Time == 0.000040
[2022.11.06-16.37.38:881][  0]LogPakFile: PakFile PrimaryIndexSize=183
[2022.11.06-16.37.38:881][  0]LogPakFile: PakFile PathHashIndexSize=101
[2022.11.06-16.37.38:881][  0]LogPakFile: PakFile FullDirectoryIndexSize=140
[2022.11.06-16.37.38:881][  0]LogShaderLibrary: Display: ShaderCodeLibraryPakFileMountedCallback: PakFile 'C:/Users/justi/Games/UE_4.27/FeaturePacks/TP_TopDown.upack' (chunk index -1, root 'root:/') mounted
[2022.11.06-16.37.38:881][  0]LogShaderLibrary: Display: ShaderCodeLibraryPakFileMountedCallback: pending pak file info (ChunkID:-1 Root:root:/ File:C:/Users/justi/Games/UE_4.27/FeaturePacks/TP_TopDown.upack)
[2022.11.06-16.37.38:881][  0]LogPakFile: OnPakFileMounted2Time == 0.000048
[2022.11.06-16.37.38:882][  0]LogPakFile: PakFile PrimaryIndexSize=185
[2022.11.06-16.37.38:882][  0]LogPakFile: PakFile PathHashIndexSize=101
[2022.11.06-16.37.38:882][  0]LogPakFile: PakFile FullDirectoryIndexSize=144
[2022.11.06-16.37.38:882][  0]LogShaderLibrary: Display: ShaderCodeLibraryPakFileMountedCallback: PakFile 'C:/Users/justi/Games/UE_4.27/FeaturePacks/TP_TopDownBP.upack' (chunk index -1, root 'root:/') mounted
[2022.11.06-16.37.38:882][  0]LogShaderLibrary: Display: ShaderCodeLibraryPakFileMountedCallback: pending pak file info (ChunkID:-1 Root:root:/ File:C:/Users/justi/Games/UE_4.27/FeaturePacks/TP_TopDownBP.upack)
[2022.11.06-16.37.38:882][  0]LogPakFile: OnPakFileMounted2Time == 0.000036
[2022.11.06-16.37.38:883][  0]LogPakFile: PakFile PrimaryIndexSize=185
[2022.11.06-16.37.38:883][  0]LogPakFile: PakFile PathHashIndexSize=101
[2022.11.06-16.37.38:883][  0]LogPakFile: PakFile FullDirectoryIndexSize=144
[2022.11.06-16.37.38:883][  0]LogShaderLibrary: Display: ShaderCodeLibraryPakFileMountedCallback: PakFile 'C:/Users/justi/Games/UE_4.27/FeaturePacks/TP_TwinStick.upack' (chunk index -1, root 'root:/') mounted
[2022.11.06-16.37.38:883][  0]LogShaderLibrary: Display: ShaderCodeLibraryPakFileMountedCallback: pending pak file info (ChunkID:-1 Root:root:/ File:C:/Users/justi/Games/UE_4.27/FeaturePacks/TP_TwinStick.upack)
[2022.11.06-16.37.38:883][  0]LogPakFile: OnPakFileMounted2Time == 0.000042
[2022.11.06-16.37.38:885][  0]LogPakFile: PakFile PrimaryIndexSize=187
[2022.11.06-16.37.38:885][  0]LogPakFile: PakFile PathHashIndexSize=101
[2022.11.06-16.37.38:885][  0]LogPakFile: PakFile FullDirectoryIndexSize=148
[2022.11.06-16.37.38:885][  0]LogShaderLibrary: Display: ShaderCodeLibraryPakFileMountedCallback: PakFile 'C:/Users/justi/Games/UE_4.27/FeaturePacks/TP_TwinStickBP.upack' (chunk index -1, root 'root:/') mounted
[2022.11.06-16.37.38:885][  0]LogShaderLibrary: Display: ShaderCodeLibraryPakFileMountedCallback: pending pak file info (ChunkID:-1 Root:root:/ File:C:/Users/justi/Games/UE_4.27/FeaturePacks/TP_TwinStickBP.upack)
[2022.11.06-16.37.38:885][  0]LogPakFile: OnPakFileMounted2Time == 0.000040
[2022.11.06-16.37.38:886][  0]LogPakFile: PakFile PrimaryIndexSize=183
[2022.11.06-16.37.38:886][  0]LogPakFile: PakFile PathHashIndexSize=101
[2022.11.06-16.37.38:886][  0]LogPakFile: PakFile FullDirectoryIndexSize=140
[2022.11.06-16.37.38:886][  0]LogShaderLibrary: Display: ShaderCodeLibraryPakFileMountedCallback: PakFile 'C:/Users/justi/Games/UE_4.27/FeaturePacks/TP_Vehicle.upack' (chunk index -1, root 'root:/') mounted
[2022.11.06-16.37.38:886][  0]LogShaderLibrary: Display: ShaderCodeLibraryPakFileMountedCallback: pending pak file info (ChunkID:-1 Root:root:/ File:C:/Users/justi/Games/UE_4.27/FeaturePacks/TP_Vehicle.upack)
[2022.11.06-16.37.38:886][  0]LogPakFile: OnPakFileMounted2Time == 0.000038
[2022.11.06-16.37.38:888][  0]LogPakFile: PakFile PrimaryIndexSize=186
[2022.11.06-16.37.38:888][  0]LogPakFile: PakFile PathHashIndexSize=101
[2022.11.06-16.37.38:888][  0]LogPakFile: PakFile FullDirectoryIndexSize=146
[2022.11.06-16.37.38:888][  0]LogShaderLibrary: Display: ShaderCodeLibraryPakFileMountedCallback: PakFile 'C:/Users/justi/Games/UE_4.27/FeaturePacks/TP_VehicleAdv.upack' (chunk index -1, root 'root:/') mounted
[2022.11.06-16.37.38:888][  0]LogShaderLibrary: Display: ShaderCodeLibraryPakFileMountedCallback: pending pak file info (ChunkID:-1 Root:root:/ File:C:/Users/justi/Games/UE_4.27/FeaturePacks/TP_VehicleAdv.upack)
[2022.11.06-16.37.38:888][  0]LogPakFile: OnPakFileMounted2Time == 0.000040
[2022.11.06-16.37.38:890][  0]LogPakFile: PakFile PrimaryIndexSize=188
[2022.11.06-16.37.38:890][  0]LogPakFile: PakFile PathHashIndexSize=101
[2022.11.06-16.37.38:890][  0]LogPakFile: PakFile FullDirectoryIndexSize=150
[2022.11.06-16.37.38:890][  0]LogShaderLibrary: Display: ShaderCodeLibraryPakFileMountedCallback: PakFile 'C:/Users/justi/Games/UE_4.27/FeaturePacks/TP_VehicleAdvBP.upack' (chunk index -1, root 'root:/') mounted
[2022.11.06-16.37.38:890][  0]LogShaderLibrary: Display: ShaderCodeLibraryPakFileMountedCallback: pending pak file info (ChunkID:-1 Root:root:/ File:C:/Users/justi/Games/UE_4.27/FeaturePacks/TP_VehicleAdvBP.upack)
[2022.11.06-16.37.38:890][  0]LogPakFile: OnPakFileMounted2Time == 0.000046
[2022.11.06-16.37.38:892][  0]LogPakFile: PakFile PrimaryIndexSize=185
[2022.11.06-16.37.38:892][  0]LogPakFile: PakFile PathHashIndexSize=101
[2022.11.06-16.37.38:892][  0]LogPakFile: PakFile FullDirectoryIndexSize=144
[2022.11.06-16.37.38:892][  0]LogShaderLibrary: Display: ShaderCodeLibraryPakFileMountedCallback: PakFile 'C:/Users/justi/Games/UE_4.27/FeaturePacks/TP_VehicleBP.upack' (chunk index -1, root 'root:/') mounted
[2022.11.06-16.37.38:892][  0]LogShaderLibrary: Display: ShaderCodeLibraryPakFileMountedCallback: pending pak file info (ChunkID:-1 Root:root:/ File:C:/Users/justi/Games/UE_4.27/FeaturePacks/TP_VehicleBP.upack)
[2022.11.06-16.37.38:892][  0]LogPakFile: OnPakFileMounted2Time == 0.000039
[2022.11.06-16.37.38:893][  0]LogPakFile: PakFile PrimaryIndexSize=192
[2022.11.06-16.37.38:893][  0]LogPakFile: PakFile PathHashIndexSize=101
[2022.11.06-16.37.38:893][  0]LogPakFile: PakFile FullDirectoryIndexSize=158
[2022.11.06-16.37.38:893][  0]LogShaderLibrary: Display: ShaderCodeLibraryPakFileMountedCallback: PakFile 'C:/Users/justi/Games/UE_4.27/FeaturePacks/TP_VirtualRealityBP.upack' (chunk index -1, root 'root:/') mounted
[2022.11.06-16.37.38:893][  0]LogShaderLibrary: Display: ShaderCodeLibraryPakFileMountedCallback: pending pak file info (ChunkID:-1 Root:root:/ File:C:/Users/justi/Games/UE_4.27/FeaturePacks/TP_VirtualRealityBP.upack)
[2022.11.06-16.37.38:893][  0]LogPakFile: OnPakFileMounted2Time == 0.000035
[2022.11.06-16.37.39:023][  0]LogNativeClassHierarchy: Verbose: Native class hierarchy updated for 'AddContentDialog' in 0.0003 seconds. Added 0 classes and 0 folders.
[2022.11.06-16.37.39:027][  0]LogNativeClassHierarchy: Verbose: Native class hierarchy updated for 'SceneOutliner' in 0.0003 seconds. Added 2 classes and 0 folders.
[2022.11.06-16.37.39:115][  0]LogSlate: Took 0.003112 seconds to synchronously load lazily loaded font '../../../Engine/Content/Slate/Fonts/Roboto-Regular.ttf' (155K)
[2022.11.06-16.37.39:117][  0]LogSlate: Took 0.000538 seconds to synchronously load lazily loaded font '../../../Engine/Content/Editor/Slate/Fonts/FontAwesome.ttf' (139K)
[2022.11.06-16.37.39:120][  0]LogSlate: Took 0.000511 seconds to synchronously load lazily loaded font '../../../Engine/Content/Slate/Fonts/Roboto-Bold.ttf' (160K)
[2022.11.06-16.37.39:209][  0]LogRenderer: Reallocating scene render targets to support 920x248 Format 10 NumSamples 1 (Frame:1).
[2022.11.06-16.37.39:401][  0]LogNativeClassHierarchy: Verbose: Native class hierarchy updated for 'HierarchicalLODOutliner' in 0.0003 seconds. Added 0 classes and 0 folders.
[2022.11.06-16.37.39:402][  0]LogLoad: (Engine Initialization) Total time: 8.28 seconds
[2022.11.06-16.37.39:402][  0]LogLoad: (Engine Initialization) Total Blueprint compile time: 0.00 seconds
[2022.11.06-16.37.39:455][  0]LogAssetRegistry: Asset discovery search completed in 5.4029 seconds
[2022.11.06-16.37.39:462][  0]LogCollectionManager: Fixed up redirectors for 0 collections in 0.000004 seconds (updated 0 objects)
[2022.11.06-16.37.39:466][  0]LogContentStreaming: Texture pool size now 1000 MB
[2022.11.06-16.37.39:546][  0]LogSlate: Took 0.011415 seconds to synchronously load lazily loaded font '../../../Engine/Content/Slate/Fonts/DroidSansMono.ttf' (77K)
[2022.11.06-16.37.55:389][ 95]LogSlate: Window 'Message Log' being destroyed
[2022.11.06-16.37.55:399][ 95]LogSlate: Window 'Message Log' being destroyed
[2022.11.06-16.45.00:878][557]LogRenderer: Reallocating scene render targets to support 920x252 Format 10 NumSamples 1 (Frame:3502).
[2022.11.06-16.45.00:954][558]LogRenderer: Reallocating scene render targets to support 920x260 Format 10 NumSamples 1 (Frame:3504).
[2022.11.06-16.45.01:007][559]LogRenderer: Reallocating scene render targets to support 920x300 Format 10 NumSamples 1 (Frame:3506).
[2022.11.06-16.45.01:065][560]LogRenderer: Reallocating scene render targets to support 920x336 Format 10 NumSamples 1 (Frame:3508).
[2022.11.06-16.45.01:124][561]LogRenderer: Reallocating scene render targets to support 920x372 Format 10 NumSamples 1 (Frame:3510).
[2022.11.06-16.45.01:179][562]LogRenderer: Reallocating scene render targets to support 920x400 Format 10 NumSamples 1 (Frame:3512).
[2022.11.06-16.45.01:238][563]LogRenderer: Reallocating scene render targets to support 920x412 Format 10 NumSamples 1 (Frame:3514).
[2022.11.06-16.45.01:298][564]LogRenderer: Reallocating scene render targets to support 920x420 Format 10 NumSamples 1 (Frame:3516).
